[2020-06-02 03:08:58] local.ERROR: Error: Call to undefined method App\Http\Controllers\OperativoController::middleware() in C:\xampp\htdocs\www\apilumen\app\Http\Controllers\OperativoController.php:27
Stack trace:
#0 [internal function]: App\Http\Controllers\OperativoController->__construct()
#1 C:\xampp\htdocs\www\apilumen\vendor\illuminate\container\Container.php(845): ReflectionClass->newInstanceArgs(Array)
#2 C:\xampp\htdocs\www\apilumen\vendor\illuminate\container\Container.php(687): Illuminate\Container\Container->build('App\\Http\\Contro...')
#3 C:\xampp\htdocs\www\apilumen\vendor\illuminate\container\Container.php(633): Illuminate\Container\Container->resolve('App\\Http\\Contro...', Array)
#4 C:\xampp\htdocs\www\apilumen\vendor\laravel\lumen-framework\src\Application.php(267): Illuminate\Container\Container->make('App\\Http\\Contro...', Array)
#5 C:\xampp\htdocs\www\apilumen\vendor\laravel\lumen-framework\src\Concerns\RoutesRequests.php(311): Laravel\Lumen\Application->make('App\\Http\\Contro...')
#6 C:\xampp\htdocs\www\apilumen\vendor\laravel\lumen-framework\src\Concerns\RoutesRequests.php(278): Laravel\Lumen\Application->callControllerAction(Array)
#7 C:\xampp\htdocs\www\apilumen\vendor\laravel\lumen-framework\src\Concerns\RoutesRequests.php(263): Laravel\Lumen\Application->callActionOnArrayBasedRoute(Array)
#8 C:\xampp\htdocs\www\apilumen\vendor\laravel\lumen-framework\src\Concerns\RoutesRequests.php(165): Laravel\Lumen\Application->handleFoundRoute(Array)
#9 [internal function]: Laravel\Lumen\Application->Laravel\Lumen\Concerns\{closure}(Object(Laravel\Lumen\Http\Request))
#10 C:\xampp\htdocs\www\apilumen\vendor\laravel\lumen-framework\src\Routing\Pipeline.php(48): call_user_func(Object(Closure), Object(Laravel\Lumen\Http\Request))
#11 C:\xampp\htdocs\www\apilumen\app\Http\Middleware\Cors.php(38): Laravel\Lumen\Routing\Pipeline->Laravel\Lumen\Routing\{closure}(Object(Laravel\Lumen\Http\Request))
#12 C:\xampp\htdocs\www\apilumen\vendor\illuminate\pipeline\Pipeline.php(167): App\Http\Middleware\Cors->handle(Object(Laravel\Lumen\Http\Request), Object(Closure))
#13 [internal function]: Illuminate\Pipeline\Pipeline->Illuminate\Pipeline\{closure}(Object(Laravel\Lumen\Http\Request))
#14 C:\xampp\htdocs\www\apilumen\vendor\laravel\lumen-framework\src\Routing\Pipeline.php(30): call_user_func(Object(Closure), Object(Laravel\Lumen\Http\Request))
#15 C:\xampp\htdocs\www\apilumen\app\Http\Middleware\ExampleMiddleware.php(18): Laravel\Lumen\Routing\Pipeline->Laravel\Lumen\Routing\{closure}(Object(Laravel\Lumen\Http\Request))
#16 C:\xampp\htdocs\www\apilumen\vendor\illuminate\pipeline\Pipeline.php(167): App\Http\Middleware\ExampleMiddleware->handle(Object(Laravel\Lumen\Http\Request), Object(Closure))
#17 [internal function]: Illuminate\Pipeline\Pipeline->Illuminate\Pipeline\{closure}(Object(Laravel\Lumen\Http\Request))
#18 C:\xampp\htdocs\www\apilumen\vendor\laravel\lumen-framework\src\Routing\Pipeline.php(30): call_user_func(Object(Closure), Object(Laravel\Lumen\Http\Request))
#19 C:\xampp\htdocs\www\apilumen\vendor\illuminate\pipeline\Pipeline.php(103): Laravel\Lumen\Routing\Pipeline->Laravel\Lumen\Routing\{closure}(Object(Laravel\Lumen\Http\Request))
#20 C:\xampp\htdocs\www\apilumen\vendor\laravel\lumen-framework\src\Concerns\RoutesRequests.php(413): Illuminate\Pipeline\Pipeline->then(Object(Closure))
#21 C:\xampp\htdocs\www\apilumen\vendor\laravel\lumen-framework\src\Concerns\RoutesRequests.php(171): Laravel\Lumen\Application->sendThroughPipeline(Array, Object(Closure))
#22 C:\xampp\htdocs\www\apilumen\vendor\laravel\lumen-framework\src\Concerns\RoutesRequests.php(108): Laravel\Lumen\Application->dispatch(NULL)
#23 C:\xampp\htdocs\www\apilumen\public\index.php(28): Laravel\Lumen\Application->run()
#24 {main} {"exception":"[object] (Error(code: 0): Call to undefined method App\\Http\\Controllers\\OperativoController::middleware() at C:\\xampp\\htdocs\\www\\apilumen\\app\\Http\\Controllers\\OperativoController.php:27)
[stacktrace]
#0 [internal function]: App\\Http\\Controllers\\OperativoController->__construct()
#1 C:\\xampp\\htdocs\\www\\apilumen\\vendor\\illuminate\\container\\Container.php(845): ReflectionClass->newInstanceArgs(Array)
#2 C:\\xampp\\htdocs\\www\\apilumen\\vendor\\illuminate\\container\\Container.php(687): Illuminate\\Container\\Container->build('App\\\\Http\\\\Contro...')
#3 C:\\xampp\\htdocs\\www\\apilumen\\vendor\\illuminate\\container\\Container.php(633): Illuminate\\Container\\Container->resolve('App\\\\Http\\\\Contro...', Array)
#4 C:\\xampp\\htdocs\\www\\apilumen\\vendor\\laravel\\lumen-framework\\src\\Application.php(267): Illuminate\\Container\\Container->make('App\\\\Http\\\\Contro...', Array)
#5 C:\\xampp\\htdocs\\www\\apilumen\\vendor\\laravel\\lumen-framework\\src\\Concerns\\RoutesRequests.php(311): Laravel\\Lumen\\Application->make('App\\\\Http\\\\Contro...')
#6 C:\\xampp\\htdocs\\www\\apilumen\\vendor\\laravel\\lumen-framework\\src\\Concerns\\RoutesRequests.php(278): Laravel\\Lumen\\Application->callControllerAction(Array)
#7 C:\\xampp\\htdocs\\www\\apilumen\\vendor\\laravel\\lumen-framework\\src\\Concerns\\RoutesRequests.php(263): Laravel\\Lumen\\Application->callActionOnArrayBasedRoute(Array)
#8 C:\\xampp\\htdocs\\www\\apilumen\\vendor\\laravel\\lumen-framework\\src\\Concerns\\RoutesRequests.php(165): Laravel\\Lumen\\Application->handleFoundRoute(Array)
#9 [internal function]: Laravel\\Lumen\\Application->Laravel\\Lumen\\Concerns\\{closure}(Object(Laravel\\Lumen\\Http\\Request))
#10 C:\\xampp\\htdocs\\www\\apilumen\\vendor\\laravel\\lumen-framework\\src\\Routing\\Pipeline.php(48): call_user_func(Object(Closure), Object(Laravel\\Lumen\\Http\\Request))
#11 C:\\xampp\\htdocs\\www\\apilumen\\app\\Http\\Middleware\\Cors.php(38): Laravel\\Lumen\\Routing\\Pipeline->Laravel\\Lumen\\Routing\\{closure}(Object(Laravel\\Lumen\\Http\\Request))
#12 C:\\xampp\\htdocs\\www\\apilumen\\vendor\\illuminate\\pipeline\\Pipeline.php(167): App\\Http\\Middleware\\Cors->handle(Object(Laravel\\Lumen\\Http\\Request), Object(Closure))
#13 [internal function]: Illuminate\\Pipeline\\Pipeline->Illuminate\\Pipeline\\{closure}(Object(Laravel\\Lumen\\Http\\Request))
#14 C:\\xampp\\htdocs\\www\\apilumen\\vendor\\laravel\\lumen-framework\\src\\Routing\\Pipeline.php(30): call_user_func(Object(Closure), Object(Laravel\\Lumen\\Http\\Request))
#15 C:\\xampp\\htdocs\\www\\apilumen\\app\\Http\\Middleware\\ExampleMiddleware.php(18): Laravel\\Lumen\\Routing\\Pipeline->Laravel\\Lumen\\Routing\\{closure}(Object(Laravel\\Lumen\\Http\\Request))
#16 C:\\xampp\\htdocs\\www\\apilumen\\vendor\\illuminate\\pipeline\\Pipeline.php(167): App\\Http\\Middleware\\ExampleMiddleware->handle(Object(Laravel\\Lumen\\Http\\Request), Object(Closure))
#17 [internal function]: Illuminate\\Pipeline\\Pipeline->Illuminate\\Pipeline\\{closure}(Object(Laravel\\Lumen\\Http\\Request))
#18 C:\\xampp\\htdocs\\www\\apilumen\\vendor\\laravel\\lumen-framework\\src\\Routing\\Pipeline.php(30): call_user_func(Object(Closure), Object(Laravel\\Lumen\\Http\\Request))
#19 C:\\xampp\\htdocs\\www\\apilumen\\vendor\\illuminate\\pipeline\\Pipeline.php(103): Laravel\\Lumen\\Routing\\Pipeline->Laravel\\Lumen\\Routing\\{closure}(Object(Laravel\\Lumen\\Http\\Request))
#20 C:\\xampp\\htdocs\\www\\apilumen\\vendor\\laravel\\lumen-framework\\src\\Concerns\\RoutesRequests.php(413): Illuminate\\Pipeline\\Pipeline->then(Object(Closure))
#21 C:\\xampp\\htdocs\\www\\apilumen\\vendor\\laravel\\lumen-framework\\src\\Concerns\\RoutesRequests.php(171): Laravel\\Lumen\\Application->sendThroughPipeline(Array, Object(Closure))
#22 C:\\xampp\\htdocs\\www\\apilumen\\vendor\\laravel\\lumen-framework\\src\\Concerns\\RoutesRequests.php(108): Laravel\\Lumen\\Application->dispatch(NULL)
#23 C:\\xampp\\htdocs\\www\\apilumen\\public\\index.php(28): Laravel\\Lumen\\Application->run()
#24 {main}
"} 
[2020-06-02 03:09:52] local.ERROR: Error: Call to undefined method App\Http\Controllers\OperativoController::middleware() in C:\xampp\htdocs\www\apilumen\app\Http\Controllers\OperativoController.php:28
Stack trace:
#0 [internal function]: App\Http\Controllers\OperativoController->__construct()
#1 C:\xampp\htdocs\www\apilumen\vendor\illuminate\container\Container.php(845): ReflectionClass->newInstanceArgs(Array)
#2 C:\xampp\htdocs\www\apilumen\vendor\illuminate\container\Container.php(687): Illuminate\Container\Container->build('App\\Http\\Contro...')
#3 C:\xampp\htdocs\www\apilumen\vendor\illuminate\container\Container.php(633): Illuminate\Container\Container->resolve('App\\Http\\Contro...', Array)
#4 C:\xampp\htdocs\www\apilumen\vendor\laravel\lumen-framework\src\Application.php(267): Illuminate\Container\Container->make('App\\Http\\Contro...', Array)
#5 C:\xampp\htdocs\www\apilumen\vendor\laravel\lumen-framework\src\Concerns\RoutesRequests.php(311): Laravel\Lumen\Application->make('App\\Http\\Contro...')
#6 C:\xampp\htdocs\www\apilumen\vendor\laravel\lumen-framework\src\Concerns\RoutesRequests.php(278): Laravel\Lumen\Application->callControllerAction(Array)
#7 C:\xampp\htdocs\www\apilumen\vendor\laravel\lumen-framework\src\Concerns\RoutesRequests.php(263): Laravel\Lumen\Application->callActionOnArrayBasedRoute(Array)
#8 C:\xampp\htdocs\www\apilumen\vendor\laravel\lumen-framework\src\Concerns\RoutesRequests.php(165): Laravel\Lumen\Application->handleFoundRoute(Array)
#9 [internal function]: Laravel\Lumen\Application->Laravel\Lumen\Concerns\{closure}(Object(Laravel\Lumen\Http\Request))
#10 C:\xampp\htdocs\www\apilumen\vendor\laravel\lumen-framework\src\Routing\Pipeline.php(48): call_user_func(Object(Closure), Object(Laravel\Lumen\Http\Request))
#11 C:\xampp\htdocs\www\apilumen\app\Http\Middleware\Cors.php(38): Laravel\Lumen\Routing\Pipeline->Laravel\Lumen\Routing\{closure}(Object(Laravel\Lumen\Http\Request))
#12 C:\xampp\htdocs\www\apilumen\vendor\illuminate\pipeline\Pipeline.php(167): App\Http\Middleware\Cors->handle(Object(Laravel\Lumen\Http\Request), Object(Closure))
#13 [internal function]: Illuminate\Pipeline\Pipeline->Illuminate\Pipeline\{closure}(Object(Laravel\Lumen\Http\Request))
#14 C:\xampp\htdocs\www\apilumen\vendor\laravel\lumen-framework\src\Routing\Pipeline.php(30): call_user_func(Object(Closure), Object(Laravel\Lumen\Http\Request))
#15 C:\xampp\htdocs\www\apilumen\app\Http\Middleware\ExampleMiddleware.php(18): Laravel\Lumen\Routing\Pipeline->Laravel\Lumen\Routing\{closure}(Object(Laravel\Lumen\Http\Request))
#16 C:\xampp\htdocs\www\apilumen\vendor\illuminate\pipeline\Pipeline.php(167): App\Http\Middleware\ExampleMiddleware->handle(Object(Laravel\Lumen\Http\Request), Object(Closure))
#17 [internal function]: Illuminate\Pipeline\Pipeline->Illuminate\Pipeline\{closure}(Object(Laravel\Lumen\Http\Request))
#18 C:\xampp\htdocs\www\apilumen\vendor\laravel\lumen-framework\src\Routing\Pipeline.php(30): call_user_func(Object(Closure), Object(Laravel\Lumen\Http\Request))
#19 C:\xampp\htdocs\www\apilumen\vendor\illuminate\pipeline\Pipeline.php(103): Laravel\Lumen\Routing\Pipeline->Laravel\Lumen\Routing\{closure}(Object(Laravel\Lumen\Http\Request))
#20 C:\xampp\htdocs\www\apilumen\vendor\laravel\lumen-framework\src\Concerns\RoutesRequests.php(413): Illuminate\Pipeline\Pipeline->then(Object(Closure))
#21 C:\xampp\htdocs\www\apilumen\vendor\laravel\lumen-framework\src\Concerns\RoutesRequests.php(171): Laravel\Lumen\Application->sendThroughPipeline(Array, Object(Closure))
#22 C:\xampp\htdocs\www\apilumen\vendor\laravel\lumen-framework\src\Concerns\RoutesRequests.php(108): Laravel\Lumen\Application->dispatch(NULL)
#23 C:\xampp\htdocs\www\apilumen\public\index.php(28): Laravel\Lumen\Application->run()
#24 {main} {"exception":"[object] (Error(code: 0): Call to undefined method App\\Http\\Controllers\\OperativoController::middleware() at C:\\xampp\\htdocs\\www\\apilumen\\app\\Http\\Controllers\\OperativoController.php:28)
[stacktrace]
#0 [internal function]: App\\Http\\Controllers\\OperativoController->__construct()
#1 C:\\xampp\\htdocs\\www\\apilumen\\vendor\\illuminate\\container\\Container.php(845): ReflectionClass->newInstanceArgs(Array)
#2 C:\\xampp\\htdocs\\www\\apilumen\\vendor\\illuminate\\container\\Container.php(687): Illuminate\\Container\\Container->build('App\\\\Http\\\\Contro...')
#3 C:\\xampp\\htdocs\\www\\apilumen\\vendor\\illuminate\\container\\Container.php(633): Illuminate\\Container\\Container->resolve('App\\\\Http\\\\Contro...', Array)
#4 C:\\xampp\\htdocs\\www\\apilumen\\vendor\\laravel\\lumen-framework\\src\\Application.php(267): Illuminate\\Container\\Container->make('App\\\\Http\\\\Contro...', Array)
#5 C:\\xampp\\htdocs\\www\\apilumen\\vendor\\laravel\\lumen-framework\\src\\Concerns\\RoutesRequests.php(311): Laravel\\Lumen\\Application->make('App\\\\Http\\\\Contro...')
#6 C:\\xampp\\htdocs\\www\\apilumen\\vendor\\laravel\\lumen-framework\\src\\Concerns\\RoutesRequests.php(278): Laravel\\Lumen\\Application->callControllerAction(Array)
#7 C:\\xampp\\htdocs\\www\\apilumen\\vendor\\laravel\\lumen-framework\\src\\Concerns\\RoutesRequests.php(263): Laravel\\Lumen\\Application->callActionOnArrayBasedRoute(Array)
#8 C:\\xampp\\htdocs\\www\\apilumen\\vendor\\laravel\\lumen-framework\\src\\Concerns\\RoutesRequests.php(165): Laravel\\Lumen\\Application->handleFoundRoute(Array)
#9 [internal function]: Laravel\\Lumen\\Application->Laravel\\Lumen\\Concerns\\{closure}(Object(Laravel\\Lumen\\Http\\Request))
#10 C:\\xampp\\htdocs\\www\\apilumen\\vendor\\laravel\\lumen-framework\\src\\Routing\\Pipeline.php(48): call_user_func(Object(Closure), Object(Laravel\\Lumen\\Http\\Request))
#11 C:\\xampp\\htdocs\\www\\apilumen\\app\\Http\\Middleware\\Cors.php(38): Laravel\\Lumen\\Routing\\Pipeline->Laravel\\Lumen\\Routing\\{closure}(Object(Laravel\\Lumen\\Http\\Request))
#12 C:\\xampp\\htdocs\\www\\apilumen\\vendor\\illuminate\\pipeline\\Pipeline.php(167): App\\Http\\Middleware\\Cors->handle(Object(Laravel\\Lumen\\Http\\Request), Object(Closure))
#13 [internal function]: Illuminate\\Pipeline\\Pipeline->Illuminate\\Pipeline\\{closure}(Object(Laravel\\Lumen\\Http\\Request))
#14 C:\\xampp\\htdocs\\www\\apilumen\\vendor\\laravel\\lumen-framework\\src\\Routing\\Pipeline.php(30): call_user_func(Object(Closure), Object(Laravel\\Lumen\\Http\\Request))
#15 C:\\xampp\\htdocs\\www\\apilumen\\app\\Http\\Middleware\\ExampleMiddleware.php(18): Laravel\\Lumen\\Routing\\Pipeline->Laravel\\Lumen\\Routing\\{closure}(Object(Laravel\\Lumen\\Http\\Request))
#16 C:\\xampp\\htdocs\\www\\apilumen\\vendor\\illuminate\\pipeline\\Pipeline.php(167): App\\Http\\Middleware\\ExampleMiddleware->handle(Object(Laravel\\Lumen\\Http\\Request), Object(Closure))
#17 [internal function]: Illuminate\\Pipeline\\Pipeline->Illuminate\\Pipeline\\{closure}(Object(Laravel\\Lumen\\Http\\Request))
#18 C:\\xampp\\htdocs\\www\\apilumen\\vendor\\laravel\\lumen-framework\\src\\Routing\\Pipeline.php(30): call_user_func(Object(Closure), Object(Laravel\\Lumen\\Http\\Request))
#19 C:\\xampp\\htdocs\\www\\apilumen\\vendor\\illuminate\\pipeline\\Pipeline.php(103): Laravel\\Lumen\\Routing\\Pipeline->Laravel\\Lumen\\Routing\\{closure}(Object(Laravel\\Lumen\\Http\\Request))
#20 C:\\xampp\\htdocs\\www\\apilumen\\vendor\\laravel\\lumen-framework\\src\\Concerns\\RoutesRequests.php(413): Illuminate\\Pipeline\\Pipeline->then(Object(Closure))
#21 C:\\xampp\\htdocs\\www\\apilumen\\vendor\\laravel\\lumen-framework\\src\\Concerns\\RoutesRequests.php(171): Laravel\\Lumen\\Application->sendThroughPipeline(Array, Object(Closure))
#22 C:\\xampp\\htdocs\\www\\apilumen\\vendor\\laravel\\lumen-framework\\src\\Concerns\\RoutesRequests.php(108): Laravel\\Lumen\\Application->dispatch(NULL)
#23 C:\\xampp\\htdocs\\www\\apilumen\\public\\index.php(28): Laravel\\Lumen\\Application->run()
#24 {main}
"} 
