[2020-06-14 19:10:21] local.ERROR: PDOException: SQLSTATE[HY000] [2002] No se puede establecer una conexión ya que el equipo de destino denegó expresamente dicha conexión.
 in C:\xampp\htdocs\www\apilumen\vendor\illuminate\database\Connectors\Connector.php:70
Stack trace:
#0 C:\xampp\htdocs\www\apilumen\vendor\illuminate\database\Connectors\Connector.php(70): PDO->__construct('mysql:host=127....', 'root', '', Array)
#1 C:\xampp\htdocs\www\apilumen\vendor\illuminate\database\Connectors\Connector.php(46): Illuminate\Database\Connectors\Connector->createPdoConnection('mysql:host=127....', 'root', '', Array)
#2 C:\xampp\htdocs\www\apilumen\vendor\illuminate\database\Connectors\MySqlConnector.php(24): Illuminate\Database\Connectors\Connector->createConnection('mysql:host=127....', Array, Array)
#3 C:\xampp\htdocs\www\apilumen\vendor\illuminate\database\Connectors\ConnectionFactory.php(182): Illuminate\Database\Connectors\MySqlConnector->connect(Array)
#4 [internal function]: Illuminate\Database\Connectors\ConnectionFactory->Illuminate\Database\Connectors\{closure}()
#5 C:\xampp\htdocs\www\apilumen\vendor\illuminate\database\Connection.php(926): call_user_func(Object(Closure))
#6 C:\xampp\htdocs\www\apilumen\vendor\illuminate\database\Connection.php(961): Illuminate\Database\Connection->getPdo()
#7 C:\xampp\htdocs\www\apilumen\vendor\illuminate\database\Connection.php(405): Illuminate\Database\Connection->getReadPdo()
#8 C:\xampp\htdocs\www\apilumen\vendor\illuminate\database\Connection.php(331): Illuminate\Database\Connection->getPdoForSelect(true)
#9 C:\xampp\htdocs\www\apilumen\vendor\illuminate\database\Connection.php(664): Illuminate\Database\Connection->Illuminate\Database\{closure}('select * from `...', Array)
#10 C:\xampp\htdocs\www\apilumen\vendor\illuminate\database\Connection.php(631): Illuminate\Database\Connection->runQueryCallback('select * from `...', Array, Object(Closure))
#11 C:\xampp\htdocs\www\apilumen\vendor\illuminate\database\Connection.php(339): Illuminate\Database\Connection->run('select * from `...', Array, Object(Closure))
#12 C:\xampp\htdocs\www\apilumen\vendor\illuminate\database\Query\Builder.php(2178): Illuminate\Database\Connection->select('select * from `...', Array, true)
#13 C:\xampp\htdocs\www\apilumen\vendor\illuminate\database\Query\Builder.php(2166): Illuminate\Database\Query\Builder->runSelect()
#14 C:\xampp\htdocs\www\apilumen\vendor\illuminate\database\Query\Builder.php(2638): Illuminate\Database\Query\Builder->Illuminate\Database\Query\{closure}()
#15 C:\xampp\htdocs\www\apilumen\vendor\illuminate\database\Query\Builder.php(2167): Illuminate\Database\Query\Builder->onceWithColumns(Array, Object(Closure))
#16 C:\xampp\htdocs\www\apilumen\vendor\illuminate\database\Eloquent\Builder.php(539): Illuminate\Database\Query\Builder->get(Array)
#17 C:\xampp\htdocs\www\apilumen\vendor\illuminate\database\Eloquent\Builder.php(523): Illuminate\Database\Eloquent\Builder->getModels(Array)
#18 C:\xampp\htdocs\www\apilumen\vendor\illuminate\database\Concerns\BuildsQueries.php(143): Illuminate\Database\Eloquent\Builder->get(Array)
#19 C:\xampp\htdocs\www\apilumen\vendor\illuminate\auth\EloquentUserProvider.php(131): Illuminate\Database\Eloquent\Builder->first()
#20 C:\xampp\htdocs\www\apilumen\vendor\tymon\jwt-auth\src\JWTGuard.php(124): Illuminate\Auth\EloquentUserProvider->retrieveByCredentials(Array)
#21 C:\xampp\htdocs\www\apilumen\vendor\illuminate\auth\AuthManager.php(307): Tymon\JWTAuth\JWTGuard->attempt(Array)
#22 C:\xampp\htdocs\www\apilumen\vendor\illuminate\support\Facades\Facade.php(261): Illuminate\Auth\AuthManager->__call('attempt', Array)
#23 C:\xampp\htdocs\www\apilumen\app\Http\Controllers\AuthController.php(61): Illuminate\Support\Facades\Facade::__callStatic('attempt', Array)
#24 [internal function]: App\Http\Controllers\AuthController->login(Object(Laravel\Lumen\Http\Request))
#25 C:\xampp\htdocs\www\apilumen\vendor\illuminate\container\BoundMethod.php(32): call_user_func_array(Array, Array)
#26 C:\xampp\htdocs\www\apilumen\vendor\illuminate\container\Util.php(36): Illuminate\Container\BoundMethod::Illuminate\Container\{closure}()
#27 C:\xampp\htdocs\www\apilumen\vendor\illuminate\container\BoundMethod.php(90): Illuminate\Container\Util::unwrapIfClosure(Object(Closure))
#28 C:\xampp\htdocs\www\apilumen\vendor\illuminate\container\BoundMethod.php(34): Illuminate\Container\BoundMethod::callBoundMethod(Object(Laravel\Lumen\Application), Array, Object(Closure))
#29 C:\xampp\htdocs\www\apilumen\vendor\illuminate\container\Container.php(592): Illuminate\Container\BoundMethod::call(Object(Laravel\Lumen\Application), Array, Array, NULL)
#30 C:\xampp\htdocs\www\apilumen\vendor\laravel\lumen-framework\src\Concerns\RoutesRequests.php(376): Illuminate\Container\Container->call(Array, Array)
#31 C:\xampp\htdocs\www\apilumen\vendor\laravel\lumen-framework\src\Concerns\RoutesRequests.php(342): Laravel\Lumen\Application->callControllerCallable(Array, Array)
#32 C:\xampp\htdocs\www\apilumen\vendor\laravel\lumen-framework\src\Concerns\RoutesRequests.php(316): Laravel\Lumen\Application->callLumenController(Object(App\Http\Controllers\AuthController), 'login', Array)
#33 C:\xampp\htdocs\www\apilumen\vendor\laravel\lumen-framework\src\Concerns\RoutesRequests.php(278): Laravel\Lumen\Application->callControllerAction(Array)
#34 C:\xampp\htdocs\www\apilumen\vendor\laravel\lumen-framework\src\Concerns\RoutesRequests.php(263): Laravel\Lumen\Application->callActionOnArrayBasedRoute(Array)
#35 C:\xampp\htdocs\www\apilumen\vendor\laravel\lumen-framework\src\Concerns\RoutesRequests.php(165): Laravel\Lumen\Application->handleFoundRoute(Array)
#36 [internal function]: Laravel\Lumen\Application->Laravel\Lumen\Concerns\{closure}(Object(Laravel\Lumen\Http\Request))
#37 C:\xampp\htdocs\www\apilumen\vendor\laravel\lumen-framework\src\Routing\Pipeline.php(48): call_user_func(Object(Closure), Object(Laravel\Lumen\Http\Request))
#38 C:\xampp\htdocs\www\apilumen\app\Http\Middleware\Cors.php(38): Laravel\Lumen\Routing\Pipeline->Laravel\Lumen\Routing\{closure}(Object(Laravel\Lumen\Http\Request))
#39 C:\xampp\htdocs\www\apilumen\vendor\illuminate\pipeline\Pipeline.php(167): App\Http\Middleware\Cors->handle(Object(Laravel\Lumen\Http\Request), Object(Closure))
#40 [internal function]: Illuminate\Pipeline\Pipeline->Illuminate\Pipeline\{closure}(Object(Laravel\Lumen\Http\Request))
#41 C:\xampp\htdocs\www\apilumen\vendor\laravel\lumen-framework\src\Routing\Pipeline.php(30): call_user_func(Object(Closure), Object(Laravel\Lumen\Http\Request))
#42 C:\xampp\htdocs\www\apilumen\app\Http\Middleware\ExampleMiddleware.php(18): Laravel\Lumen\Routing\Pipeline->Laravel\Lumen\Routing\{closure}(Object(Laravel\Lumen\Http\Request))
#43 C:\xampp\htdocs\www\apilumen\vendor\illuminate\pipeline\Pipeline.php(167): App\Http\Middleware\ExampleMiddleware->handle(Object(Laravel\Lumen\Http\Request), Object(Closure))
#44 [internal function]: Illuminate\Pipeline\Pipeline->Illuminate\Pipeline\{closure}(Object(Laravel\Lumen\Http\Request))
#45 C:\xampp\htdocs\www\apilumen\vendor\laravel\lumen-framework\src\Routing\Pipeline.php(30): call_user_func(Object(Closure), Object(Laravel\Lumen\Http\Request))
#46 C:\xampp\htdocs\www\apilumen\vendor\illuminate\pipeline\Pipeline.php(103): Laravel\Lumen\Routing\Pipeline->Laravel\Lumen\Routing\{closure}(Object(Laravel\Lumen\Http\Request))
#47 C:\xampp\htdocs\www\apilumen\vendor\laravel\lumen-framework\src\Concerns\RoutesRequests.php(413): Illuminate\Pipeline\Pipeline->then(Object(Closure))
#48 C:\xampp\htdocs\www\apilumen\vendor\laravel\lumen-framework\src\Concerns\RoutesRequests.php(171): Laravel\Lumen\Application->sendThroughPipeline(Array, Object(Closure))
#49 C:\xampp\htdocs\www\apilumen\vendor\laravel\lumen-framework\src\Concerns\RoutesRequests.php(108): Laravel\Lumen\Application->dispatch(NULL)
#50 C:\xampp\htdocs\www\apilumen\public\index.php(28): Laravel\Lumen\Application->run()
#51 {main}

Next Illuminate\Database\QueryException: SQLSTATE[HY000] [2002] No se puede establecer una conexión ya que el equipo de destino denegó expresamente dicha conexión.
 (SQL: select * from `users` where `role` = admin and `email` = lfloresr@gmail.com limit 1) in C:\xampp\htdocs\www\apilumen\vendor\illuminate\database\Connection.php:671
Stack trace:
#0 C:\xampp\htdocs\www\apilumen\vendor\illuminate\database\Connection.php(631): Illuminate\Database\Connection->runQueryCallback('select * from `...', Array, Object(Closure))
#1 C:\xampp\htdocs\www\apilumen\vendor\illuminate\database\Connection.php(339): Illuminate\Database\Connection->run('select * from `...', Array, Object(Closure))
#2 C:\xampp\htdocs\www\apilumen\vendor\illuminate\database\Query\Builder.php(2178): Illuminate\Database\Connection->select('select * from `...', Array, true)
#3 C:\xampp\htdocs\www\apilumen\vendor\illuminate\database\Query\Builder.php(2166): Illuminate\Database\Query\Builder->runSelect()
#4 C:\xampp\htdocs\www\apilumen\vendor\illuminate\database\Query\Builder.php(2638): Illuminate\Database\Query\Builder->Illuminate\Database\Query\{closure}()
#5 C:\xampp\htdocs\www\apilumen\vendor\illuminate\database\Query\Builder.php(2167): Illuminate\Database\Query\Builder->onceWithColumns(Array, Object(Closure))
#6 C:\xampp\htdocs\www\apilumen\vendor\illuminate\database\Eloquent\Builder.php(539): Illuminate\Database\Query\Builder->get(Array)
#7 C:\xampp\htdocs\www\apilumen\vendor\illuminate\database\Eloquent\Builder.php(523): Illuminate\Database\Eloquent\Builder->getModels(Array)
#8 C:\xampp\htdocs\www\apilumen\vendor\illuminate\database\Concerns\BuildsQueries.php(143): Illuminate\Database\Eloquent\Builder->get(Array)
#9 C:\xampp\htdocs\www\apilumen\vendor\illuminate\auth\EloquentUserProvider.php(131): Illuminate\Database\Eloquent\Builder->first()
#10 C:\xampp\htdocs\www\apilumen\vendor\tymon\jwt-auth\src\JWTGuard.php(124): Illuminate\Auth\EloquentUserProvider->retrieveByCredentials(Array)
#11 C:\xampp\htdocs\www\apilumen\vendor\illuminate\auth\AuthManager.php(307): Tymon\JWTAuth\JWTGuard->attempt(Array)
#12 C:\xampp\htdocs\www\apilumen\vendor\illuminate\support\Facades\Facade.php(261): Illuminate\Auth\AuthManager->__call('attempt', Array)
#13 C:\xampp\htdocs\www\apilumen\app\Http\Controllers\AuthController.php(61): Illuminate\Support\Facades\Facade::__callStatic('attempt', Array)
#14 [internal function]: App\Http\Controllers\AuthController->login(Object(Laravel\Lumen\Http\Request))
#15 C:\xampp\htdocs\www\apilumen\vendor\illuminate\container\BoundMethod.php(32): call_user_func_array(Array, Array)
#16 C:\xampp\htdocs\www\apilumen\vendor\illuminate\container\Util.php(36): Illuminate\Container\BoundMethod::Illuminate\Container\{closure}()
#17 C:\xampp\htdocs\www\apilumen\vendor\illuminate\container\BoundMethod.php(90): Illuminate\Container\Util::unwrapIfClosure(Object(Closure))
#18 C:\xampp\htdocs\www\apilumen\vendor\illuminate\container\BoundMethod.php(34): Illuminate\Container\BoundMethod::callBoundMethod(Object(Laravel\Lumen\Application), Array, Object(Closure))
#19 C:\xampp\htdocs\www\apilumen\vendor\illuminate\container\Container.php(592): Illuminate\Container\BoundMethod::call(Object(Laravel\Lumen\Application), Array, Array, NULL)
#20 C:\xampp\htdocs\www\apilumen\vendor\laravel\lumen-framework\src\Concerns\RoutesRequests.php(376): Illuminate\Container\Container->call(Array, Array)
#21 C:\xampp\htdocs\www\apilumen\vendor\laravel\lumen-framework\src\Concerns\RoutesRequests.php(342): Laravel\Lumen\Application->callControllerCallable(Array, Array)
#22 C:\xampp\htdocs\www\apilumen\vendor\laravel\lumen-framework\src\Concerns\RoutesRequests.php(316): Laravel\Lumen\Application->callLumenController(Object(App\Http\Controllers\AuthController), 'login', Array)
#23 C:\xampp\htdocs\www\apilumen\vendor\laravel\lumen-framework\src\Concerns\RoutesRequests.php(278): Laravel\Lumen\Application->callControllerAction(Array)
#24 C:\xampp\htdocs\www\apilumen\vendor\laravel\lumen-framework\src\Concerns\RoutesRequests.php(263): Laravel\Lumen\Application->callActionOnArrayBasedRoute(Array)
#25 C:\xampp\htdocs\www\apilumen\vendor\laravel\lumen-framework\src\Concerns\RoutesRequests.php(165): Laravel\Lumen\Application->handleFoundRoute(Array)
#26 [internal function]: Laravel\Lumen\Application->Laravel\Lumen\Concerns\{closure}(Object(Laravel\Lumen\Http\Request))
#27 C:\xampp\htdocs\www\apilumen\vendor\laravel\lumen-framework\src\Routing\Pipeline.php(48): call_user_func(Object(Closure), Object(Laravel\Lumen\Http\Request))
#28 C:\xampp\htdocs\www\apilumen\app\Http\Middleware\Cors.php(38): Laravel\Lumen\Routing\Pipeline->Laravel\Lumen\Routing\{closure}(Object(Laravel\Lumen\Http\Request))
#29 C:\xampp\htdocs\www\apilumen\vendor\illuminate\pipeline\Pipeline.php(167): App\Http\Middleware\Cors->handle(Object(Laravel\Lumen\Http\Request), Object(Closure))
#30 [internal function]: Illuminate\Pipeline\Pipeline->Illuminate\Pipeline\{closure}(Object(Laravel\Lumen\Http\Request))
#31 C:\xampp\htdocs\www\apilumen\vendor\laravel\lumen-framework\src\Routing\Pipeline.php(30): call_user_func(Object(Closure), Object(Laravel\Lumen\Http\Request))
#32 C:\xampp\htdocs\www\apilumen\app\Http\Middleware\ExampleMiddleware.php(18): Laravel\Lumen\Routing\Pipeline->Laravel\Lumen\Routing\{closure}(Object(Laravel\Lumen\Http\Request))
#33 C:\xampp\htdocs\www\apilumen\vendor\illuminate\pipeline\Pipeline.php(167): App\Http\Middleware\ExampleMiddleware->handle(Object(Laravel\Lumen\Http\Request), Object(Closure))
#34 [internal function]: Illuminate\Pipeline\Pipeline->Illuminate\Pipeline\{closure}(Object(Laravel\Lumen\Http\Request))
#35 C:\xampp\htdocs\www\apilumen\vendor\laravel\lumen-framework\src\Routing\Pipeline.php(30): call_user_func(Object(Closure), Object(Laravel\Lumen\Http\Request))
#36 C:\xampp\htdocs\www\apilumen\vendor\illuminate\pipeline\Pipeline.php(103): Laravel\Lumen\Routing\Pipeline->Laravel\Lumen\Routing\{closure}(Object(Laravel\Lumen\Http\Request))
#37 C:\xampp\htdocs\www\apilumen\vendor\laravel\lumen-framework\src\Concerns\RoutesRequests.php(413): Illuminate\Pipeline\Pipeline->then(Object(Closure))
#38 C:\xampp\htdocs\www\apilumen\vendor\laravel\lumen-framework\src\Concerns\RoutesRequests.php(171): Laravel\Lumen\Application->sendThroughPipeline(Array, Object(Closure))
#39 C:\xampp\htdocs\www\apilumen\vendor\laravel\lumen-framework\src\Concerns\RoutesRequests.php(108): Laravel\Lumen\Application->dispatch(NULL)
#40 C:\xampp\htdocs\www\apilumen\public\index.php(28): Laravel\Lumen\Application->run()
#41 {main} {"exception":"[object] (Illuminate\\Database\\QueryException(code: 2002): SQLSTATE[HY000] [2002] No se puede establecer una conexión ya que el equipo de destino denegó expresamente dicha conexión.
 (SQL: select * from `users` where `role` = admin and `email` = lfloresr@gmail.com limit 1) at C:\\xampp\\htdocs\\www\\apilumen\\vendor\\illuminate\\database\\Connection.php:671)
[stacktrace]
#0 C:\\xampp\\htdocs\\www\\apilumen\\vendor\\illuminate\\database\\Connection.php(631): Illuminate\\Database\\Connection->runQueryCallback('select * from `...', Array, Object(Closure))
#1 C:\\xampp\\htdocs\\www\\apilumen\\vendor\\illuminate\\database\\Connection.php(339): Illuminate\\Database\\Connection->run('select * from `...', Array, Object(Closure))
#2 C:\\xampp\\htdocs\\www\\apilumen\\vendor\\illuminate\\database\\Query\\Builder.php(2178): Illuminate\\Database\\Connection->select('select * from `...', Array, true)
#3 C:\\xampp\\htdocs\\www\\apilumen\\vendor\\illuminate\\database\\Query\\Builder.php(2166): Illuminate\\Database\\Query\\Builder->runSelect()
#4 C:\\xampp\\htdocs\\www\\apilumen\\vendor\\illuminate\\database\\Query\\Builder.php(2638): Illuminate\\Database\\Query\\Builder->Illuminate\\Database\\Query\\{closure}()
#5 C:\\xampp\\htdocs\\www\\apilumen\\vendor\\illuminate\\database\\Query\\Builder.php(2167): Illuminate\\Database\\Query\\Builder->onceWithColumns(Array, Object(Closure))
#6 C:\\xampp\\htdocs\\www\\apilumen\\vendor\\illuminate\\database\\Eloquent\\Builder.php(539): Illuminate\\Database\\Query\\Builder->get(Array)
#7 C:\\xampp\\htdocs\\www\\apilumen\\vendor\\illuminate\\database\\Eloquent\\Builder.php(523): Illuminate\\Database\\Eloquent\\Builder->getModels(Array)
#8 C:\\xampp\\htdocs\\www\\apilumen\\vendor\\illuminate\\database\\Concerns\\BuildsQueries.php(143): Illuminate\\Database\\Eloquent\\Builder->get(Array)
#9 C:\\xampp\\htdocs\\www\\apilumen\\vendor\\illuminate\\auth\\EloquentUserProvider.php(131): Illuminate\\Database\\Eloquent\\Builder->first()
#10 C:\\xampp\\htdocs\\www\\apilumen\\vendor\\tymon\\jwt-auth\\src\\JWTGuard.php(124): Illuminate\\Auth\\EloquentUserProvider->retrieveByCredentials(Array)
#11 C:\\xampp\\htdocs\\www\\apilumen\\vendor\\illuminate\\auth\\AuthManager.php(307): Tymon\\JWTAuth\\JWTGuard->attempt(Array)
#12 C:\\xampp\\htdocs\\www\\apilumen\\vendor\\illuminate\\support\\Facades\\Facade.php(261): Illuminate\\Auth\\AuthManager->__call('attempt', Array)
#13 C:\\xampp\\htdocs\\www\\apilumen\\app\\Http\\Controllers\\AuthController.php(61): Illuminate\\Support\\Facades\\Facade::__callStatic('attempt', Array)
#14 [internal function]: App\\Http\\Controllers\\AuthController->login(Object(Laravel\\Lumen\\Http\\Request))
#15 C:\\xampp\\htdocs\\www\\apilumen\\vendor\\illuminate\\container\\BoundMethod.php(32): call_user_func_array(Array, Array)
#16 C:\\xampp\\htdocs\\www\\apilumen\\vendor\\illuminate\\container\\Util.php(36): Illuminate\\Container\\BoundMethod::Illuminate\\Container\\{closure}()
#17 C:\\xampp\\htdocs\\www\\apilumen\\vendor\\illuminate\\container\\BoundMethod.php(90): Illuminate\\Container\\Util::unwrapIfClosure(Object(Closure))
#18 C:\\xampp\\htdocs\\www\\apilumen\\vendor\\illuminate\\container\\BoundMethod.php(34): Illuminate\\Container\\BoundMethod::callBoundMethod(Object(Laravel\\Lumen\\Application), Array, Object(Closure))
#19 C:\\xampp\\htdocs\\www\\apilumen\\vendor\\illuminate\\container\\Container.php(592): Illuminate\\Container\\BoundMethod::call(Object(Laravel\\Lumen\\Application), Array, Array, NULL)
#20 C:\\xampp\\htdocs\\www\\apilumen\\vendor\\laravel\\lumen-framework\\src\\Concerns\\RoutesRequests.php(376): Illuminate\\Container\\Container->call(Array, Array)
#21 C:\\xampp\\htdocs\\www\\apilumen\\vendor\\laravel\\lumen-framework\\src\\Concerns\\RoutesRequests.php(342): Laravel\\Lumen\\Application->callControllerCallable(Array, Array)
#22 C:\\xampp\\htdocs\\www\\apilumen\\vendor\\laravel\\lumen-framework\\src\\Concerns\\RoutesRequests.php(316): Laravel\\Lumen\\Application->callLumenController(Object(App\\Http\\Controllers\\AuthController), 'login', Array)
#23 C:\\xampp\\htdocs\\www\\apilumen\\vendor\\laravel\\lumen-framework\\src\\Concerns\\RoutesRequests.php(278): Laravel\\Lumen\\Application->callControllerAction(Array)
#24 C:\\xampp\\htdocs\\www\\apilumen\\vendor\\laravel\\lumen-framework\\src\\Concerns\\RoutesRequests.php(263): Laravel\\Lumen\\Application->callActionOnArrayBasedRoute(Array)
#25 C:\\xampp\\htdocs\\www\\apilumen\\vendor\\laravel\\lumen-framework\\src\\Concerns\\RoutesRequests.php(165): Laravel\\Lumen\\Application->handleFoundRoute(Array)
#26 [internal function]: Laravel\\Lumen\\Application->Laravel\\Lumen\\Concerns\\{closure}(Object(Laravel\\Lumen\\Http\\Request))
#27 C:\\xampp\\htdocs\\www\\apilumen\\vendor\\laravel\\lumen-framework\\src\\Routing\\Pipeline.php(48): call_user_func(Object(Closure), Object(Laravel\\Lumen\\Http\\Request))
#28 C:\\xampp\\htdocs\\www\\apilumen\\app\\Http\\Middleware\\Cors.php(38): Laravel\\Lumen\\Routing\\Pipeline->Laravel\\Lumen\\Routing\\{closure}(Object(Laravel\\Lumen\\Http\\Request))
#29 C:\\xampp\\htdocs\\www\\apilumen\\vendor\\illuminate\\pipeline\\Pipeline.php(167): App\\Http\\Middleware\\Cors->handle(Object(Laravel\\Lumen\\Http\\Request), Object(Closure))
#30 [internal function]: Illuminate\\Pipeline\\Pipeline->Illuminate\\Pipeline\\{closure}(Object(Laravel\\Lumen\\Http\\Request))
#31 C:\\xampp\\htdocs\\www\\apilumen\\vendor\\laravel\\lumen-framework\\src\\Routing\\Pipeline.php(30): call_user_func(Object(Closure), Object(Laravel\\Lumen\\Http\\Request))
#32 C:\\xampp\\htdocs\\www\\apilumen\\app\\Http\\Middleware\\ExampleMiddleware.php(18): Laravel\\Lumen\\Routing\\Pipeline->Laravel\\Lumen\\Routing\\{closure}(Object(Laravel\\Lumen\\Http\\Request))
#33 C:\\xampp\\htdocs\\www\\apilumen\\vendor\\illuminate\\pipeline\\Pipeline.php(167): App\\Http\\Middleware\\ExampleMiddleware->handle(Object(Laravel\\Lumen\\Http\\Request), Object(Closure))
#34 [internal function]: Illuminate\\Pipeline\\Pipeline->Illuminate\\Pipeline\\{closure}(Object(Laravel\\Lumen\\Http\\Request))
#35 C:\\xampp\\htdocs\\www\\apilumen\\vendor\\laravel\\lumen-framework\\src\\Routing\\Pipeline.php(30): call_user_func(Object(Closure), Object(Laravel\\Lumen\\Http\\Request))
#36 C:\\xampp\\htdocs\\www\\apilumen\\vendor\\illuminate\\pipeline\\Pipeline.php(103): Laravel\\Lumen\\Routing\\Pipeline->Laravel\\Lumen\\Routing\\{closure}(Object(Laravel\\Lumen\\Http\\Request))
#37 C:\\xampp\\htdocs\\www\\apilumen\\vendor\\laravel\\lumen-framework\\src\\Concerns\\RoutesRequests.php(413): Illuminate\\Pipeline\\Pipeline->then(Object(Closure))
#38 C:\\xampp\\htdocs\\www\\apilumen\\vendor\\laravel\\lumen-framework\\src\\Concerns\\RoutesRequests.php(171): Laravel\\Lumen\\Application->sendThroughPipeline(Array, Object(Closure))
#39 C:\\xampp\\htdocs\\www\\apilumen\\vendor\\laravel\\lumen-framework\\src\\Concerns\\RoutesRequests.php(108): Laravel\\Lumen\\Application->dispatch(NULL)
#40 C:\\xampp\\htdocs\\www\\apilumen\\public\\index.php(28): Laravel\\Lumen\\Application->run()
#41 {main}

[previous exception] [object] (PDOException(code: 2002): SQLSTATE[HY000] [2002] No se puede establecer una conexión ya que el equipo de destino denegó expresamente dicha conexión.
 at C:\\xampp\\htdocs\\www\\apilumen\\vendor\\illuminate\\database\\Connectors\\Connector.php:70)
[stacktrace]
#0 C:\\xampp\\htdocs\\www\\apilumen\\vendor\\illuminate\\database\\Connectors\\Connector.php(70): PDO->__construct('mysql:host=127....', 'root', '', Array)
#1 C:\\xampp\\htdocs\\www\\apilumen\\vendor\\illuminate\\database\\Connectors\\Connector.php(46): Illuminate\\Database\\Connectors\\Connector->createPdoConnection('mysql:host=127....', 'root', '', Array)
#2 C:\\xampp\\htdocs\\www\\apilumen\\vendor\\illuminate\\database\\Connectors\\MySqlConnector.php(24): Illuminate\\Database\\Connectors\\Connector->createConnection('mysql:host=127....', Array, Array)
#3 C:\\xampp\\htdocs\\www\\apilumen\\vendor\\illuminate\\database\\Connectors\\ConnectionFactory.php(182): Illuminate\\Database\\Connectors\\MySqlConnector->connect(Array)
#4 [internal function]: Illuminate\\Database\\Connectors\\ConnectionFactory->Illuminate\\Database\\Connectors\\{closure}()
#5 C:\\xampp\\htdocs\\www\\apilumen\\vendor\\illuminate\\database\\Connection.php(926): call_user_func(Object(Closure))
#6 C:\\xampp\\htdocs\\www\\apilumen\\vendor\\illuminate\\database\\Connection.php(961): Illuminate\\Database\\Connection->getPdo()
#7 C:\\xampp\\htdocs\\www\\apilumen\\vendor\\illuminate\\database\\Connection.php(405): Illuminate\\Database\\Connection->getReadPdo()
#8 C:\\xampp\\htdocs\\www\\apilumen\\vendor\\illuminate\\database\\Connection.php(331): Illuminate\\Database\\Connection->getPdoForSelect(true)
#9 C:\\xampp\\htdocs\\www\\apilumen\\vendor\\illuminate\\database\\Connection.php(664): Illuminate\\Database\\Connection->Illuminate\\Database\\{closure}('select * from `...', Array)
#10 C:\\xampp\\htdocs\\www\\apilumen\\vendor\\illuminate\\database\\Connection.php(631): Illuminate\\Database\\Connection->runQueryCallback('select * from `...', Array, Object(Closure))
#11 C:\\xampp\\htdocs\\www\\apilumen\\vendor\\illuminate\\database\\Connection.php(339): Illuminate\\Database\\Connection->run('select * from `...', Array, Object(Closure))
#12 C:\\xampp\\htdocs\\www\\apilumen\\vendor\\illuminate\\database\\Query\\Builder.php(2178): Illuminate\\Database\\Connection->select('select * from `...', Array, true)
#13 C:\\xampp\\htdocs\\www\\apilumen\\vendor\\illuminate\\database\\Query\\Builder.php(2166): Illuminate\\Database\\Query\\Builder->runSelect()
#14 C:\\xampp\\htdocs\\www\\apilumen\\vendor\\illuminate\\database\\Query\\Builder.php(2638): Illuminate\\Database\\Query\\Builder->Illuminate\\Database\\Query\\{closure}()
#15 C:\\xampp\\htdocs\\www\\apilumen\\vendor\\illuminate\\database\\Query\\Builder.php(2167): Illuminate\\Database\\Query\\Builder->onceWithColumns(Array, Object(Closure))
#16 C:\\xampp\\htdocs\\www\\apilumen\\vendor\\illuminate\\database\\Eloquent\\Builder.php(539): Illuminate\\Database\\Query\\Builder->get(Array)
#17 C:\\xampp\\htdocs\\www\\apilumen\\vendor\\illuminate\\database\\Eloquent\\Builder.php(523): Illuminate\\Database\\Eloquent\\Builder->getModels(Array)
#18 C:\\xampp\\htdocs\\www\\apilumen\\vendor\\illuminate\\database\\Concerns\\BuildsQueries.php(143): Illuminate\\Database\\Eloquent\\Builder->get(Array)
#19 C:\\xampp\\htdocs\\www\\apilumen\\vendor\\illuminate\\auth\\EloquentUserProvider.php(131): Illuminate\\Database\\Eloquent\\Builder->first()
#20 C:\\xampp\\htdocs\\www\\apilumen\\vendor\\tymon\\jwt-auth\\src\\JWTGuard.php(124): Illuminate\\Auth\\EloquentUserProvider->retrieveByCredentials(Array)
#21 C:\\xampp\\htdocs\\www\\apilumen\\vendor\\illuminate\\auth\\AuthManager.php(307): Tymon\\JWTAuth\\JWTGuard->attempt(Array)
#22 C:\\xampp\\htdocs\\www\\apilumen\\vendor\\illuminate\\support\\Facades\\Facade.php(261): Illuminate\\Auth\\AuthManager->__call('attempt', Array)
#23 C:\\xampp\\htdocs\\www\\apilumen\\app\\Http\\Controllers\\AuthController.php(61): Illuminate\\Support\\Facades\\Facade::__callStatic('attempt', Array)
#24 [internal function]: App\\Http\\Controllers\\AuthController->login(Object(Laravel\\Lumen\\Http\\Request))
#25 C:\\xampp\\htdocs\\www\\apilumen\\vendor\\illuminate\\container\\BoundMethod.php(32): call_user_func_array(Array, Array)
#26 C:\\xampp\\htdocs\\www\\apilumen\\vendor\\illuminate\\container\\Util.php(36): Illuminate\\Container\\BoundMethod::Illuminate\\Container\\{closure}()
#27 C:\\xampp\\htdocs\\www\\apilumen\\vendor\\illuminate\\container\\BoundMethod.php(90): Illuminate\\Container\\Util::unwrapIfClosure(Object(Closure))
#28 C:\\xampp\\htdocs\\www\\apilumen\\vendor\\illuminate\\container\\BoundMethod.php(34): Illuminate\\Container\\BoundMethod::callBoundMethod(Object(Laravel\\Lumen\\Application), Array, Object(Closure))
#29 C:\\xampp\\htdocs\\www\\apilumen\\vendor\\illuminate\\container\\Container.php(592): Illuminate\\Container\\BoundMethod::call(Object(Laravel\\Lumen\\Application), Array, Array, NULL)
#30 C:\\xampp\\htdocs\\www\\apilumen\\vendor\\laravel\\lumen-framework\\src\\Concerns\\RoutesRequests.php(376): Illuminate\\Container\\Container->call(Array, Array)
#31 C:\\xampp\\htdocs\\www\\apilumen\\vendor\\laravel\\lumen-framework\\src\\Concerns\\RoutesRequests.php(342): Laravel\\Lumen\\Application->callControllerCallable(Array, Array)
#32 C:\\xampp\\htdocs\\www\\apilumen\\vendor\\laravel\\lumen-framework\\src\\Concerns\\RoutesRequests.php(316): Laravel\\Lumen\\Application->callLumenController(Object(App\\Http\\Controllers\\AuthController), 'login', Array)
#33 C:\\xampp\\htdocs\\www\\apilumen\\vendor\\laravel\\lumen-framework\\src\\Concerns\\RoutesRequests.php(278): Laravel\\Lumen\\Application->callControllerAction(Array)
#34 C:\\xampp\\htdocs\\www\\apilumen\\vendor\\laravel\\lumen-framework\\src\\Concerns\\RoutesRequests.php(263): Laravel\\Lumen\\Application->callActionOnArrayBasedRoute(Array)
#35 C:\\xampp\\htdocs\\www\\apilumen\\vendor\\laravel\\lumen-framework\\src\\Concerns\\RoutesRequests.php(165): Laravel\\Lumen\\Application->handleFoundRoute(Array)
#36 [internal function]: Laravel\\Lumen\\Application->Laravel\\Lumen\\Concerns\\{closure}(Object(Laravel\\Lumen\\Http\\Request))
#37 C:\\xampp\\htdocs\\www\\apilumen\\vendor\\laravel\\lumen-framework\\src\\Routing\\Pipeline.php(48): call_user_func(Object(Closure), Object(Laravel\\Lumen\\Http\\Request))
#38 C:\\xampp\\htdocs\\www\\apilumen\\app\\Http\\Middleware\\Cors.php(38): Laravel\\Lumen\\Routing\\Pipeline->Laravel\\Lumen\\Routing\\{closure}(Object(Laravel\\Lumen\\Http\\Request))
#39 C:\\xampp\\htdocs\\www\\apilumen\\vendor\\illuminate\\pipeline\\Pipeline.php(167): App\\Http\\Middleware\\Cors->handle(Object(Laravel\\Lumen\\Http\\Request), Object(Closure))
#40 [internal function]: Illuminate\\Pipeline\\Pipeline->Illuminate\\Pipeline\\{closure}(Object(Laravel\\Lumen\\Http\\Request))
#41 C:\\xampp\\htdocs\\www\\apilumen\\vendor\\laravel\\lumen-framework\\src\\Routing\\Pipeline.php(30): call_user_func(Object(Closure), Object(Laravel\\Lumen\\Http\\Request))
#42 C:\\xampp\\htdocs\\www\\apilumen\\app\\Http\\Middleware\\ExampleMiddleware.php(18): Laravel\\Lumen\\Routing\\Pipeline->Laravel\\Lumen\\Routing\\{closure}(Object(Laravel\\Lumen\\Http\\Request))
#43 C:\\xampp\\htdocs\\www\\apilumen\\vendor\\illuminate\\pipeline\\Pipeline.php(167): App\\Http\\Middleware\\ExampleMiddleware->handle(Object(Laravel\\Lumen\\Http\\Request), Object(Closure))
#44 [internal function]: Illuminate\\Pipeline\\Pipeline->Illuminate\\Pipeline\\{closure}(Object(Laravel\\Lumen\\Http\\Request))
#45 C:\\xampp\\htdocs\\www\\apilumen\\vendor\\laravel\\lumen-framework\\src\\Routing\\Pipeline.php(30): call_user_func(Object(Closure), Object(Laravel\\Lumen\\Http\\Request))
#46 C:\\xampp\\htdocs\\www\\apilumen\\vendor\\illuminate\\pipeline\\Pipeline.php(103): Laravel\\Lumen\\Routing\\Pipeline->Laravel\\Lumen\\Routing\\{closure}(Object(Laravel\\Lumen\\Http\\Request))
#47 C:\\xampp\\htdocs\\www\\apilumen\\vendor\\laravel\\lumen-framework\\src\\Concerns\\RoutesRequests.php(413): Illuminate\\Pipeline\\Pipeline->then(Object(Closure))
#48 C:\\xampp\\htdocs\\www\\apilumen\\vendor\\laravel\\lumen-framework\\src\\Concerns\\RoutesRequests.php(171): Laravel\\Lumen\\Application->sendThroughPipeline(Array, Object(Closure))
#49 C:\\xampp\\htdocs\\www\\apilumen\\vendor\\laravel\\lumen-framework\\src\\Concerns\\RoutesRequests.php(108): Laravel\\Lumen\\Application->dispatch(NULL)
#50 C:\\xampp\\htdocs\\www\\apilumen\\public\\index.php(28): Laravel\\Lumen\\Application->run()
#51 {main}
"} 
[2020-06-14 19:10:37] local.ERROR: PDOException: SQLSTATE[HY000] [2002] No se puede establecer una conexión ya que el equipo de destino denegó expresamente dicha conexión.
 in C:\xampp\htdocs\www\apilumen\vendor\illuminate\database\Connectors\Connector.php:70
Stack trace:
#0 C:\xampp\htdocs\www\apilumen\vendor\illuminate\database\Connectors\Connector.php(70): PDO->__construct('mysql:host=127....', 'root', '', Array)
#1 C:\xampp\htdocs\www\apilumen\vendor\illuminate\database\Connectors\Connector.php(46): Illuminate\Database\Connectors\Connector->createPdoConnection('mysql:host=127....', 'root', '', Array)
#2 C:\xampp\htdocs\www\apilumen\vendor\illuminate\database\Connectors\MySqlConnector.php(24): Illuminate\Database\Connectors\Connector->createConnection('mysql:host=127....', Array, Array)
#3 C:\xampp\htdocs\www\apilumen\vendor\illuminate\database\Connectors\ConnectionFactory.php(182): Illuminate\Database\Connectors\MySqlConnector->connect(Array)
#4 [internal function]: Illuminate\Database\Connectors\ConnectionFactory->Illuminate\Database\Connectors\{closure}()
#5 C:\xampp\htdocs\www\apilumen\vendor\illuminate\database\Connection.php(926): call_user_func(Object(Closure))
#6 C:\xampp\htdocs\www\apilumen\vendor\illuminate\database\Connection.php(961): Illuminate\Database\Connection->getPdo()
#7 C:\xampp\htdocs\www\apilumen\vendor\illuminate\database\Connection.php(405): Illuminate\Database\Connection->getReadPdo()
#8 C:\xampp\htdocs\www\apilumen\vendor\illuminate\database\Connection.php(331): Illuminate\Database\Connection->getPdoForSelect(true)
#9 C:\xampp\htdocs\www\apilumen\vendor\illuminate\database\Connection.php(664): Illuminate\Database\Connection->Illuminate\Database\{closure}('select * from `...', Array)
#10 C:\xampp\htdocs\www\apilumen\vendor\illuminate\database\Connection.php(631): Illuminate\Database\Connection->runQueryCallback('select * from `...', Array, Object(Closure))
#11 C:\xampp\htdocs\www\apilumen\vendor\illuminate\database\Connection.php(339): Illuminate\Database\Connection->run('select * from `...', Array, Object(Closure))
#12 C:\xampp\htdocs\www\apilumen\vendor\illuminate\database\Query\Builder.php(2178): Illuminate\Database\Connection->select('select * from `...', Array, true)
#13 C:\xampp\htdocs\www\apilumen\vendor\illuminate\database\Query\Builder.php(2166): Illuminate\Database\Query\Builder->runSelect()
#14 C:\xampp\htdocs\www\apilumen\vendor\illuminate\database\Query\Builder.php(2638): Illuminate\Database\Query\Builder->Illuminate\Database\Query\{closure}()
#15 C:\xampp\htdocs\www\apilumen\vendor\illuminate\database\Query\Builder.php(2167): Illuminate\Database\Query\Builder->onceWithColumns(Array, Object(Closure))
#16 C:\xampp\htdocs\www\apilumen\vendor\illuminate\database\Eloquent\Builder.php(539): Illuminate\Database\Query\Builder->get(Array)
#17 C:\xampp\htdocs\www\apilumen\vendor\illuminate\database\Eloquent\Builder.php(523): Illuminate\Database\Eloquent\Builder->getModels(Array)
#18 C:\xampp\htdocs\www\apilumen\vendor\illuminate\database\Concerns\BuildsQueries.php(143): Illuminate\Database\Eloquent\Builder->get(Array)
#19 C:\xampp\htdocs\www\apilumen\vendor\illuminate\auth\EloquentUserProvider.php(131): Illuminate\Database\Eloquent\Builder->first()
#20 C:\xampp\htdocs\www\apilumen\vendor\tymon\jwt-auth\src\JWTGuard.php(124): Illuminate\Auth\EloquentUserProvider->retrieveByCredentials(Array)
#21 C:\xampp\htdocs\www\apilumen\vendor\illuminate\auth\AuthManager.php(307): Tymon\JWTAuth\JWTGuard->attempt(Array)
#22 C:\xampp\htdocs\www\apilumen\vendor\illuminate\support\Facades\Facade.php(261): Illuminate\Auth\AuthManager->__call('attempt', Array)
#23 C:\xampp\htdocs\www\apilumen\app\Http\Controllers\AuthController.php(61): Illuminate\Support\Facades\Facade::__callStatic('attempt', Array)
#24 [internal function]: App\Http\Controllers\AuthController->login(Object(Laravel\Lumen\Http\Request))
#25 C:\xampp\htdocs\www\apilumen\vendor\illuminate\container\BoundMethod.php(32): call_user_func_array(Array, Array)
#26 C:\xampp\htdocs\www\apilumen\vendor\illuminate\container\Util.php(36): Illuminate\Container\BoundMethod::Illuminate\Container\{closure}()
#27 C:\xampp\htdocs\www\apilumen\vendor\illuminate\container\BoundMethod.php(90): Illuminate\Container\Util::unwrapIfClosure(Object(Closure))
#28 C:\xampp\htdocs\www\apilumen\vendor\illuminate\container\BoundMethod.php(34): Illuminate\Container\BoundMethod::callBoundMethod(Object(Laravel\Lumen\Application), Array, Object(Closure))
#29 C:\xampp\htdocs\www\apilumen\vendor\illuminate\container\Container.php(592): Illuminate\Container\BoundMethod::call(Object(Laravel\Lumen\Application), Array, Array, NULL)
#30 C:\xampp\htdocs\www\apilumen\vendor\laravel\lumen-framework\src\Concerns\RoutesRequests.php(376): Illuminate\Container\Container->call(Array, Array)
#31 C:\xampp\htdocs\www\apilumen\vendor\laravel\lumen-framework\src\Concerns\RoutesRequests.php(342): Laravel\Lumen\Application->callControllerCallable(Array, Array)
#32 C:\xampp\htdocs\www\apilumen\vendor\laravel\lumen-framework\src\Concerns\RoutesRequests.php(316): Laravel\Lumen\Application->callLumenController(Object(App\Http\Controllers\AuthController), 'login', Array)
#33 C:\xampp\htdocs\www\apilumen\vendor\laravel\lumen-framework\src\Concerns\RoutesRequests.php(278): Laravel\Lumen\Application->callControllerAction(Array)
#34 C:\xampp\htdocs\www\apilumen\vendor\laravel\lumen-framework\src\Concerns\RoutesRequests.php(263): Laravel\Lumen\Application->callActionOnArrayBasedRoute(Array)
#35 C:\xampp\htdocs\www\apilumen\vendor\laravel\lumen-framework\src\Concerns\RoutesRequests.php(165): Laravel\Lumen\Application->handleFoundRoute(Array)
#36 [internal function]: Laravel\Lumen\Application->Laravel\Lumen\Concerns\{closure}(Object(Laravel\Lumen\Http\Request))
#37 C:\xampp\htdocs\www\apilumen\vendor\laravel\lumen-framework\src\Routing\Pipeline.php(48): call_user_func(Object(Closure), Object(Laravel\Lumen\Http\Request))
#38 C:\xampp\htdocs\www\apilumen\app\Http\Middleware\Cors.php(38): Laravel\Lumen\Routing\Pipeline->Laravel\Lumen\Routing\{closure}(Object(Laravel\Lumen\Http\Request))
#39 C:\xampp\htdocs\www\apilumen\vendor\illuminate\pipeline\Pipeline.php(167): App\Http\Middleware\Cors->handle(Object(Laravel\Lumen\Http\Request), Object(Closure))
#40 [internal function]: Illuminate\Pipeline\Pipeline->Illuminate\Pipeline\{closure}(Object(Laravel\Lumen\Http\Request))
#41 C:\xampp\htdocs\www\apilumen\vendor\laravel\lumen-framework\src\Routing\Pipeline.php(30): call_user_func(Object(Closure), Object(Laravel\Lumen\Http\Request))
#42 C:\xampp\htdocs\www\apilumen\app\Http\Middleware\ExampleMiddleware.php(18): Laravel\Lumen\Routing\Pipeline->Laravel\Lumen\Routing\{closure}(Object(Laravel\Lumen\Http\Request))
#43 C:\xampp\htdocs\www\apilumen\vendor\illuminate\pipeline\Pipeline.php(167): App\Http\Middleware\ExampleMiddleware->handle(Object(Laravel\Lumen\Http\Request), Object(Closure))
#44 [internal function]: Illuminate\Pipeline\Pipeline->Illuminate\Pipeline\{closure}(Object(Laravel\Lumen\Http\Request))
#45 C:\xampp\htdocs\www\apilumen\vendor\laravel\lumen-framework\src\Routing\Pipeline.php(30): call_user_func(Object(Closure), Object(Laravel\Lumen\Http\Request))
#46 C:\xampp\htdocs\www\apilumen\vendor\illuminate\pipeline\Pipeline.php(103): Laravel\Lumen\Routing\Pipeline->Laravel\Lumen\Routing\{closure}(Object(Laravel\Lumen\Http\Request))
#47 C:\xampp\htdocs\www\apilumen\vendor\laravel\lumen-framework\src\Concerns\RoutesRequests.php(413): Illuminate\Pipeline\Pipeline->then(Object(Closure))
#48 C:\xampp\htdocs\www\apilumen\vendor\laravel\lumen-framework\src\Concerns\RoutesRequests.php(171): Laravel\Lumen\Application->sendThroughPipeline(Array, Object(Closure))
#49 C:\xampp\htdocs\www\apilumen\vendor\laravel\lumen-framework\src\Concerns\RoutesRequests.php(108): Laravel\Lumen\Application->dispatch(NULL)
#50 C:\xampp\htdocs\www\apilumen\public\index.php(28): Laravel\Lumen\Application->run()
#51 {main}

Next Illuminate\Database\QueryException: SQLSTATE[HY000] [2002] No se puede establecer una conexión ya que el equipo de destino denegó expresamente dicha conexión.
 (SQL: select * from `users` where `role` = admin and `email` = lfloresr@gmail.com limit 1) in C:\xampp\htdocs\www\apilumen\vendor\illuminate\database\Connection.php:671
Stack trace:
#0 C:\xampp\htdocs\www\apilumen\vendor\illuminate\database\Connection.php(631): Illuminate\Database\Connection->runQueryCallback('select * from `...', Array, Object(Closure))
#1 C:\xampp\htdocs\www\apilumen\vendor\illuminate\database\Connection.php(339): Illuminate\Database\Connection->run('select * from `...', Array, Object(Closure))
#2 C:\xampp\htdocs\www\apilumen\vendor\illuminate\database\Query\Builder.php(2178): Illuminate\Database\Connection->select('select * from `...', Array, true)
#3 C:\xampp\htdocs\www\apilumen\vendor\illuminate\database\Query\Builder.php(2166): Illuminate\Database\Query\Builder->runSelect()
#4 C:\xampp\htdocs\www\apilumen\vendor\illuminate\database\Query\Builder.php(2638): Illuminate\Database\Query\Builder->Illuminate\Database\Query\{closure}()
#5 C:\xampp\htdocs\www\apilumen\vendor\illuminate\database\Query\Builder.php(2167): Illuminate\Database\Query\Builder->onceWithColumns(Array, Object(Closure))
#6 C:\xampp\htdocs\www\apilumen\vendor\illuminate\database\Eloquent\Builder.php(539): Illuminate\Database\Query\Builder->get(Array)
#7 C:\xampp\htdocs\www\apilumen\vendor\illuminate\database\Eloquent\Builder.php(523): Illuminate\Database\Eloquent\Builder->getModels(Array)
#8 C:\xampp\htdocs\www\apilumen\vendor\illuminate\database\Concerns\BuildsQueries.php(143): Illuminate\Database\Eloquent\Builder->get(Array)
#9 C:\xampp\htdocs\www\apilumen\vendor\illuminate\auth\EloquentUserProvider.php(131): Illuminate\Database\Eloquent\Builder->first()
#10 C:\xampp\htdocs\www\apilumen\vendor\tymon\jwt-auth\src\JWTGuard.php(124): Illuminate\Auth\EloquentUserProvider->retrieveByCredentials(Array)
#11 C:\xampp\htdocs\www\apilumen\vendor\illuminate\auth\AuthManager.php(307): Tymon\JWTAuth\JWTGuard->attempt(Array)
#12 C:\xampp\htdocs\www\apilumen\vendor\illuminate\support\Facades\Facade.php(261): Illuminate\Auth\AuthManager->__call('attempt', Array)
#13 C:\xampp\htdocs\www\apilumen\app\Http\Controllers\AuthController.php(61): Illuminate\Support\Facades\Facade::__callStatic('attempt', Array)
#14 [internal function]: App\Http\Controllers\AuthController->login(Object(Laravel\Lumen\Http\Request))
#15 C:\xampp\htdocs\www\apilumen\vendor\illuminate\container\BoundMethod.php(32): call_user_func_array(Array, Array)
#16 C:\xampp\htdocs\www\apilumen\vendor\illuminate\container\Util.php(36): Illuminate\Container\BoundMethod::Illuminate\Container\{closure}()
#17 C:\xampp\htdocs\www\apilumen\vendor\illuminate\container\BoundMethod.php(90): Illuminate\Container\Util::unwrapIfClosure(Object(Closure))
#18 C:\xampp\htdocs\www\apilumen\vendor\illuminate\container\BoundMethod.php(34): Illuminate\Container\BoundMethod::callBoundMethod(Object(Laravel\Lumen\Application), Array, Object(Closure))
#19 C:\xampp\htdocs\www\apilumen\vendor\illuminate\container\Container.php(592): Illuminate\Container\BoundMethod::call(Object(Laravel\Lumen\Application), Array, Array, NULL)
#20 C:\xampp\htdocs\www\apilumen\vendor\laravel\lumen-framework\src\Concerns\RoutesRequests.php(376): Illuminate\Container\Container->call(Array, Array)
#21 C:\xampp\htdocs\www\apilumen\vendor\laravel\lumen-framework\src\Concerns\RoutesRequests.php(342): Laravel\Lumen\Application->callControllerCallable(Array, Array)
#22 C:\xampp\htdocs\www\apilumen\vendor\laravel\lumen-framework\src\Concerns\RoutesRequests.php(316): Laravel\Lumen\Application->callLumenController(Object(App\Http\Controllers\AuthController), 'login', Array)
#23 C:\xampp\htdocs\www\apilumen\vendor\laravel\lumen-framework\src\Concerns\RoutesRequests.php(278): Laravel\Lumen\Application->callControllerAction(Array)
#24 C:\xampp\htdocs\www\apilumen\vendor\laravel\lumen-framework\src\Concerns\RoutesRequests.php(263): Laravel\Lumen\Application->callActionOnArrayBasedRoute(Array)
#25 C:\xampp\htdocs\www\apilumen\vendor\laravel\lumen-framework\src\Concerns\RoutesRequests.php(165): Laravel\Lumen\Application->handleFoundRoute(Array)
#26 [internal function]: Laravel\Lumen\Application->Laravel\Lumen\Concerns\{closure}(Object(Laravel\Lumen\Http\Request))
#27 C:\xampp\htdocs\www\apilumen\vendor\laravel\lumen-framework\src\Routing\Pipeline.php(48): call_user_func(Object(Closure), Object(Laravel\Lumen\Http\Request))
#28 C:\xampp\htdocs\www\apilumen\app\Http\Middleware\Cors.php(38): Laravel\Lumen\Routing\Pipeline->Laravel\Lumen\Routing\{closure}(Object(Laravel\Lumen\Http\Request))
#29 C:\xampp\htdocs\www\apilumen\vendor\illuminate\pipeline\Pipeline.php(167): App\Http\Middleware\Cors->handle(Object(Laravel\Lumen\Http\Request), Object(Closure))
#30 [internal function]: Illuminate\Pipeline\Pipeline->Illuminate\Pipeline\{closure}(Object(Laravel\Lumen\Http\Request))
#31 C:\xampp\htdocs\www\apilumen\vendor\laravel\lumen-framework\src\Routing\Pipeline.php(30): call_user_func(Object(Closure), Object(Laravel\Lumen\Http\Request))
#32 C:\xampp\htdocs\www\apilumen\app\Http\Middleware\ExampleMiddleware.php(18): Laravel\Lumen\Routing\Pipeline->Laravel\Lumen\Routing\{closure}(Object(Laravel\Lumen\Http\Request))
#33 C:\xampp\htdocs\www\apilumen\vendor\illuminate\pipeline\Pipeline.php(167): App\Http\Middleware\ExampleMiddleware->handle(Object(Laravel\Lumen\Http\Request), Object(Closure))
#34 [internal function]: Illuminate\Pipeline\Pipeline->Illuminate\Pipeline\{closure}(Object(Laravel\Lumen\Http\Request))
#35 C:\xampp\htdocs\www\apilumen\vendor\laravel\lumen-framework\src\Routing\Pipeline.php(30): call_user_func(Object(Closure), Object(Laravel\Lumen\Http\Request))
#36 C:\xampp\htdocs\www\apilumen\vendor\illuminate\pipeline\Pipeline.php(103): Laravel\Lumen\Routing\Pipeline->Laravel\Lumen\Routing\{closure}(Object(Laravel\Lumen\Http\Request))
#37 C:\xampp\htdocs\www\apilumen\vendor\laravel\lumen-framework\src\Concerns\RoutesRequests.php(413): Illuminate\Pipeline\Pipeline->then(Object(Closure))
#38 C:\xampp\htdocs\www\apilumen\vendor\laravel\lumen-framework\src\Concerns\RoutesRequests.php(171): Laravel\Lumen\Application->sendThroughPipeline(Array, Object(Closure))
#39 C:\xampp\htdocs\www\apilumen\vendor\laravel\lumen-framework\src\Concerns\RoutesRequests.php(108): Laravel\Lumen\Application->dispatch(NULL)
#40 C:\xampp\htdocs\www\apilumen\public\index.php(28): Laravel\Lumen\Application->run()
#41 {main} {"exception":"[object] (Illuminate\\Database\\QueryException(code: 2002): SQLSTATE[HY000] [2002] No se puede establecer una conexión ya que el equipo de destino denegó expresamente dicha conexión.
 (SQL: select * from `users` where `role` = admin and `email` = lfloresr@gmail.com limit 1) at C:\\xampp\\htdocs\\www\\apilumen\\vendor\\illuminate\\database\\Connection.php:671)
[stacktrace]
#0 C:\\xampp\\htdocs\\www\\apilumen\\vendor\\illuminate\\database\\Connection.php(631): Illuminate\\Database\\Connection->runQueryCallback('select * from `...', Array, Object(Closure))
#1 C:\\xampp\\htdocs\\www\\apilumen\\vendor\\illuminate\\database\\Connection.php(339): Illuminate\\Database\\Connection->run('select * from `...', Array, Object(Closure))
#2 C:\\xampp\\htdocs\\www\\apilumen\\vendor\\illuminate\\database\\Query\\Builder.php(2178): Illuminate\\Database\\Connection->select('select * from `...', Array, true)
#3 C:\\xampp\\htdocs\\www\\apilumen\\vendor\\illuminate\\database\\Query\\Builder.php(2166): Illuminate\\Database\\Query\\Builder->runSelect()
#4 C:\\xampp\\htdocs\\www\\apilumen\\vendor\\illuminate\\database\\Query\\Builder.php(2638): Illuminate\\Database\\Query\\Builder->Illuminate\\Database\\Query\\{closure}()
#5 C:\\xampp\\htdocs\\www\\apilumen\\vendor\\illuminate\\database\\Query\\Builder.php(2167): Illuminate\\Database\\Query\\Builder->onceWithColumns(Array, Object(Closure))
#6 C:\\xampp\\htdocs\\www\\apilumen\\vendor\\illuminate\\database\\Eloquent\\Builder.php(539): Illuminate\\Database\\Query\\Builder->get(Array)
#7 C:\\xampp\\htdocs\\www\\apilumen\\vendor\\illuminate\\database\\Eloquent\\Builder.php(523): Illuminate\\Database\\Eloquent\\Builder->getModels(Array)
#8 C:\\xampp\\htdocs\\www\\apilumen\\vendor\\illuminate\\database\\Concerns\\BuildsQueries.php(143): Illuminate\\Database\\Eloquent\\Builder->get(Array)
#9 C:\\xampp\\htdocs\\www\\apilumen\\vendor\\illuminate\\auth\\EloquentUserProvider.php(131): Illuminate\\Database\\Eloquent\\Builder->first()
#10 C:\\xampp\\htdocs\\www\\apilumen\\vendor\\tymon\\jwt-auth\\src\\JWTGuard.php(124): Illuminate\\Auth\\EloquentUserProvider->retrieveByCredentials(Array)
#11 C:\\xampp\\htdocs\\www\\apilumen\\vendor\\illuminate\\auth\\AuthManager.php(307): Tymon\\JWTAuth\\JWTGuard->attempt(Array)
#12 C:\\xampp\\htdocs\\www\\apilumen\\vendor\\illuminate\\support\\Facades\\Facade.php(261): Illuminate\\Auth\\AuthManager->__call('attempt', Array)
#13 C:\\xampp\\htdocs\\www\\apilumen\\app\\Http\\Controllers\\AuthController.php(61): Illuminate\\Support\\Facades\\Facade::__callStatic('attempt', Array)
#14 [internal function]: App\\Http\\Controllers\\AuthController->login(Object(Laravel\\Lumen\\Http\\Request))
#15 C:\\xampp\\htdocs\\www\\apilumen\\vendor\\illuminate\\container\\BoundMethod.php(32): call_user_func_array(Array, Array)
#16 C:\\xampp\\htdocs\\www\\apilumen\\vendor\\illuminate\\container\\Util.php(36): Illuminate\\Container\\BoundMethod::Illuminate\\Container\\{closure}()
#17 C:\\xampp\\htdocs\\www\\apilumen\\vendor\\illuminate\\container\\BoundMethod.php(90): Illuminate\\Container\\Util::unwrapIfClosure(Object(Closure))
#18 C:\\xampp\\htdocs\\www\\apilumen\\vendor\\illuminate\\container\\BoundMethod.php(34): Illuminate\\Container\\BoundMethod::callBoundMethod(Object(Laravel\\Lumen\\Application), Array, Object(Closure))
#19 C:\\xampp\\htdocs\\www\\apilumen\\vendor\\illuminate\\container\\Container.php(592): Illuminate\\Container\\BoundMethod::call(Object(Laravel\\Lumen\\Application), Array, Array, NULL)
#20 C:\\xampp\\htdocs\\www\\apilumen\\vendor\\laravel\\lumen-framework\\src\\Concerns\\RoutesRequests.php(376): Illuminate\\Container\\Container->call(Array, Array)
#21 C:\\xampp\\htdocs\\www\\apilumen\\vendor\\laravel\\lumen-framework\\src\\Concerns\\RoutesRequests.php(342): Laravel\\Lumen\\Application->callControllerCallable(Array, Array)
#22 C:\\xampp\\htdocs\\www\\apilumen\\vendor\\laravel\\lumen-framework\\src\\Concerns\\RoutesRequests.php(316): Laravel\\Lumen\\Application->callLumenController(Object(App\\Http\\Controllers\\AuthController), 'login', Array)
#23 C:\\xampp\\htdocs\\www\\apilumen\\vendor\\laravel\\lumen-framework\\src\\Concerns\\RoutesRequests.php(278): Laravel\\Lumen\\Application->callControllerAction(Array)
#24 C:\\xampp\\htdocs\\www\\apilumen\\vendor\\laravel\\lumen-framework\\src\\Concerns\\RoutesRequests.php(263): Laravel\\Lumen\\Application->callActionOnArrayBasedRoute(Array)
#25 C:\\xampp\\htdocs\\www\\apilumen\\vendor\\laravel\\lumen-framework\\src\\Concerns\\RoutesRequests.php(165): Laravel\\Lumen\\Application->handleFoundRoute(Array)
#26 [internal function]: Laravel\\Lumen\\Application->Laravel\\Lumen\\Concerns\\{closure}(Object(Laravel\\Lumen\\Http\\Request))
#27 C:\\xampp\\htdocs\\www\\apilumen\\vendor\\laravel\\lumen-framework\\src\\Routing\\Pipeline.php(48): call_user_func(Object(Closure), Object(Laravel\\Lumen\\Http\\Request))
#28 C:\\xampp\\htdocs\\www\\apilumen\\app\\Http\\Middleware\\Cors.php(38): Laravel\\Lumen\\Routing\\Pipeline->Laravel\\Lumen\\Routing\\{closure}(Object(Laravel\\Lumen\\Http\\Request))
#29 C:\\xampp\\htdocs\\www\\apilumen\\vendor\\illuminate\\pipeline\\Pipeline.php(167): App\\Http\\Middleware\\Cors->handle(Object(Laravel\\Lumen\\Http\\Request), Object(Closure))
#30 [internal function]: Illuminate\\Pipeline\\Pipeline->Illuminate\\Pipeline\\{closure}(Object(Laravel\\Lumen\\Http\\Request))
#31 C:\\xampp\\htdocs\\www\\apilumen\\vendor\\laravel\\lumen-framework\\src\\Routing\\Pipeline.php(30): call_user_func(Object(Closure), Object(Laravel\\Lumen\\Http\\Request))
#32 C:\\xampp\\htdocs\\www\\apilumen\\app\\Http\\Middleware\\ExampleMiddleware.php(18): Laravel\\Lumen\\Routing\\Pipeline->Laravel\\Lumen\\Routing\\{closure}(Object(Laravel\\Lumen\\Http\\Request))
#33 C:\\xampp\\htdocs\\www\\apilumen\\vendor\\illuminate\\pipeline\\Pipeline.php(167): App\\Http\\Middleware\\ExampleMiddleware->handle(Object(Laravel\\Lumen\\Http\\Request), Object(Closure))
#34 [internal function]: Illuminate\\Pipeline\\Pipeline->Illuminate\\Pipeline\\{closure}(Object(Laravel\\Lumen\\Http\\Request))
#35 C:\\xampp\\htdocs\\www\\apilumen\\vendor\\laravel\\lumen-framework\\src\\Routing\\Pipeline.php(30): call_user_func(Object(Closure), Object(Laravel\\Lumen\\Http\\Request))
#36 C:\\xampp\\htdocs\\www\\apilumen\\vendor\\illuminate\\pipeline\\Pipeline.php(103): Laravel\\Lumen\\Routing\\Pipeline->Laravel\\Lumen\\Routing\\{closure}(Object(Laravel\\Lumen\\Http\\Request))
#37 C:\\xampp\\htdocs\\www\\apilumen\\vendor\\laravel\\lumen-framework\\src\\Concerns\\RoutesRequests.php(413): Illuminate\\Pipeline\\Pipeline->then(Object(Closure))
#38 C:\\xampp\\htdocs\\www\\apilumen\\vendor\\laravel\\lumen-framework\\src\\Concerns\\RoutesRequests.php(171): Laravel\\Lumen\\Application->sendThroughPipeline(Array, Object(Closure))
#39 C:\\xampp\\htdocs\\www\\apilumen\\vendor\\laravel\\lumen-framework\\src\\Concerns\\RoutesRequests.php(108): Laravel\\Lumen\\Application->dispatch(NULL)
#40 C:\\xampp\\htdocs\\www\\apilumen\\public\\index.php(28): Laravel\\Lumen\\Application->run()
#41 {main}

[previous exception] [object] (PDOException(code: 2002): SQLSTATE[HY000] [2002] No se puede establecer una conexión ya que el equipo de destino denegó expresamente dicha conexión.
 at C:\\xampp\\htdocs\\www\\apilumen\\vendor\\illuminate\\database\\Connectors\\Connector.php:70)
[stacktrace]
#0 C:\\xampp\\htdocs\\www\\apilumen\\vendor\\illuminate\\database\\Connectors\\Connector.php(70): PDO->__construct('mysql:host=127....', 'root', '', Array)
#1 C:\\xampp\\htdocs\\www\\apilumen\\vendor\\illuminate\\database\\Connectors\\Connector.php(46): Illuminate\\Database\\Connectors\\Connector->createPdoConnection('mysql:host=127....', 'root', '', Array)
#2 C:\\xampp\\htdocs\\www\\apilumen\\vendor\\illuminate\\database\\Connectors\\MySqlConnector.php(24): Illuminate\\Database\\Connectors\\Connector->createConnection('mysql:host=127....', Array, Array)
#3 C:\\xampp\\htdocs\\www\\apilumen\\vendor\\illuminate\\database\\Connectors\\ConnectionFactory.php(182): Illuminate\\Database\\Connectors\\MySqlConnector->connect(Array)
#4 [internal function]: Illuminate\\Database\\Connectors\\ConnectionFactory->Illuminate\\Database\\Connectors\\{closure}()
#5 C:\\xampp\\htdocs\\www\\apilumen\\vendor\\illuminate\\database\\Connection.php(926): call_user_func(Object(Closure))
#6 C:\\xampp\\htdocs\\www\\apilumen\\vendor\\illuminate\\database\\Connection.php(961): Illuminate\\Database\\Connection->getPdo()
#7 C:\\xampp\\htdocs\\www\\apilumen\\vendor\\illuminate\\database\\Connection.php(405): Illuminate\\Database\\Connection->getReadPdo()
#8 C:\\xampp\\htdocs\\www\\apilumen\\vendor\\illuminate\\database\\Connection.php(331): Illuminate\\Database\\Connection->getPdoForSelect(true)
#9 C:\\xampp\\htdocs\\www\\apilumen\\vendor\\illuminate\\database\\Connection.php(664): Illuminate\\Database\\Connection->Illuminate\\Database\\{closure}('select * from `...', Array)
#10 C:\\xampp\\htdocs\\www\\apilumen\\vendor\\illuminate\\database\\Connection.php(631): Illuminate\\Database\\Connection->runQueryCallback('select * from `...', Array, Object(Closure))
#11 C:\\xampp\\htdocs\\www\\apilumen\\vendor\\illuminate\\database\\Connection.php(339): Illuminate\\Database\\Connection->run('select * from `...', Array, Object(Closure))
#12 C:\\xampp\\htdocs\\www\\apilumen\\vendor\\illuminate\\database\\Query\\Builder.php(2178): Illuminate\\Database\\Connection->select('select * from `...', Array, true)
#13 C:\\xampp\\htdocs\\www\\apilumen\\vendor\\illuminate\\database\\Query\\Builder.php(2166): Illuminate\\Database\\Query\\Builder->runSelect()
#14 C:\\xampp\\htdocs\\www\\apilumen\\vendor\\illuminate\\database\\Query\\Builder.php(2638): Illuminate\\Database\\Query\\Builder->Illuminate\\Database\\Query\\{closure}()
#15 C:\\xampp\\htdocs\\www\\apilumen\\vendor\\illuminate\\database\\Query\\Builder.php(2167): Illuminate\\Database\\Query\\Builder->onceWithColumns(Array, Object(Closure))
#16 C:\\xampp\\htdocs\\www\\apilumen\\vendor\\illuminate\\database\\Eloquent\\Builder.php(539): Illuminate\\Database\\Query\\Builder->get(Array)
#17 C:\\xampp\\htdocs\\www\\apilumen\\vendor\\illuminate\\database\\Eloquent\\Builder.php(523): Illuminate\\Database\\Eloquent\\Builder->getModels(Array)
#18 C:\\xampp\\htdocs\\www\\apilumen\\vendor\\illuminate\\database\\Concerns\\BuildsQueries.php(143): Illuminate\\Database\\Eloquent\\Builder->get(Array)
#19 C:\\xampp\\htdocs\\www\\apilumen\\vendor\\illuminate\\auth\\EloquentUserProvider.php(131): Illuminate\\Database\\Eloquent\\Builder->first()
#20 C:\\xampp\\htdocs\\www\\apilumen\\vendor\\tymon\\jwt-auth\\src\\JWTGuard.php(124): Illuminate\\Auth\\EloquentUserProvider->retrieveByCredentials(Array)
#21 C:\\xampp\\htdocs\\www\\apilumen\\vendor\\illuminate\\auth\\AuthManager.php(307): Tymon\\JWTAuth\\JWTGuard->attempt(Array)
#22 C:\\xampp\\htdocs\\www\\apilumen\\vendor\\illuminate\\support\\Facades\\Facade.php(261): Illuminate\\Auth\\AuthManager->__call('attempt', Array)
#23 C:\\xampp\\htdocs\\www\\apilumen\\app\\Http\\Controllers\\AuthController.php(61): Illuminate\\Support\\Facades\\Facade::__callStatic('attempt', Array)
#24 [internal function]: App\\Http\\Controllers\\AuthController->login(Object(Laravel\\Lumen\\Http\\Request))
#25 C:\\xampp\\htdocs\\www\\apilumen\\vendor\\illuminate\\container\\BoundMethod.php(32): call_user_func_array(Array, Array)
#26 C:\\xampp\\htdocs\\www\\apilumen\\vendor\\illuminate\\container\\Util.php(36): Illuminate\\Container\\BoundMethod::Illuminate\\Container\\{closure}()
#27 C:\\xampp\\htdocs\\www\\apilumen\\vendor\\illuminate\\container\\BoundMethod.php(90): Illuminate\\Container\\Util::unwrapIfClosure(Object(Closure))
#28 C:\\xampp\\htdocs\\www\\apilumen\\vendor\\illuminate\\container\\BoundMethod.php(34): Illuminate\\Container\\BoundMethod::callBoundMethod(Object(Laravel\\Lumen\\Application), Array, Object(Closure))
#29 C:\\xampp\\htdocs\\www\\apilumen\\vendor\\illuminate\\container\\Container.php(592): Illuminate\\Container\\BoundMethod::call(Object(Laravel\\Lumen\\Application), Array, Array, NULL)
#30 C:\\xampp\\htdocs\\www\\apilumen\\vendor\\laravel\\lumen-framework\\src\\Concerns\\RoutesRequests.php(376): Illuminate\\Container\\Container->call(Array, Array)
#31 C:\\xampp\\htdocs\\www\\apilumen\\vendor\\laravel\\lumen-framework\\src\\Concerns\\RoutesRequests.php(342): Laravel\\Lumen\\Application->callControllerCallable(Array, Array)
#32 C:\\xampp\\htdocs\\www\\apilumen\\vendor\\laravel\\lumen-framework\\src\\Concerns\\RoutesRequests.php(316): Laravel\\Lumen\\Application->callLumenController(Object(App\\Http\\Controllers\\AuthController), 'login', Array)
#33 C:\\xampp\\htdocs\\www\\apilumen\\vendor\\laravel\\lumen-framework\\src\\Concerns\\RoutesRequests.php(278): Laravel\\Lumen\\Application->callControllerAction(Array)
#34 C:\\xampp\\htdocs\\www\\apilumen\\vendor\\laravel\\lumen-framework\\src\\Concerns\\RoutesRequests.php(263): Laravel\\Lumen\\Application->callActionOnArrayBasedRoute(Array)
#35 C:\\xampp\\htdocs\\www\\apilumen\\vendor\\laravel\\lumen-framework\\src\\Concerns\\RoutesRequests.php(165): Laravel\\Lumen\\Application->handleFoundRoute(Array)
#36 [internal function]: Laravel\\Lumen\\Application->Laravel\\Lumen\\Concerns\\{closure}(Object(Laravel\\Lumen\\Http\\Request))
#37 C:\\xampp\\htdocs\\www\\apilumen\\vendor\\laravel\\lumen-framework\\src\\Routing\\Pipeline.php(48): call_user_func(Object(Closure), Object(Laravel\\Lumen\\Http\\Request))
#38 C:\\xampp\\htdocs\\www\\apilumen\\app\\Http\\Middleware\\Cors.php(38): Laravel\\Lumen\\Routing\\Pipeline->Laravel\\Lumen\\Routing\\{closure}(Object(Laravel\\Lumen\\Http\\Request))
#39 C:\\xampp\\htdocs\\www\\apilumen\\vendor\\illuminate\\pipeline\\Pipeline.php(167): App\\Http\\Middleware\\Cors->handle(Object(Laravel\\Lumen\\Http\\Request), Object(Closure))
#40 [internal function]: Illuminate\\Pipeline\\Pipeline->Illuminate\\Pipeline\\{closure}(Object(Laravel\\Lumen\\Http\\Request))
#41 C:\\xampp\\htdocs\\www\\apilumen\\vendor\\laravel\\lumen-framework\\src\\Routing\\Pipeline.php(30): call_user_func(Object(Closure), Object(Laravel\\Lumen\\Http\\Request))
#42 C:\\xampp\\htdocs\\www\\apilumen\\app\\Http\\Middleware\\ExampleMiddleware.php(18): Laravel\\Lumen\\Routing\\Pipeline->Laravel\\Lumen\\Routing\\{closure}(Object(Laravel\\Lumen\\Http\\Request))
#43 C:\\xampp\\htdocs\\www\\apilumen\\vendor\\illuminate\\pipeline\\Pipeline.php(167): App\\Http\\Middleware\\ExampleMiddleware->handle(Object(Laravel\\Lumen\\Http\\Request), Object(Closure))
#44 [internal function]: Illuminate\\Pipeline\\Pipeline->Illuminate\\Pipeline\\{closure}(Object(Laravel\\Lumen\\Http\\Request))
#45 C:\\xampp\\htdocs\\www\\apilumen\\vendor\\laravel\\lumen-framework\\src\\Routing\\Pipeline.php(30): call_user_func(Object(Closure), Object(Laravel\\Lumen\\Http\\Request))
#46 C:\\xampp\\htdocs\\www\\apilumen\\vendor\\illuminate\\pipeline\\Pipeline.php(103): Laravel\\Lumen\\Routing\\Pipeline->Laravel\\Lumen\\Routing\\{closure}(Object(Laravel\\Lumen\\Http\\Request))
#47 C:\\xampp\\htdocs\\www\\apilumen\\vendor\\laravel\\lumen-framework\\src\\Concerns\\RoutesRequests.php(413): Illuminate\\Pipeline\\Pipeline->then(Object(Closure))
#48 C:\\xampp\\htdocs\\www\\apilumen\\vendor\\laravel\\lumen-framework\\src\\Concerns\\RoutesRequests.php(171): Laravel\\Lumen\\Application->sendThroughPipeline(Array, Object(Closure))
#49 C:\\xampp\\htdocs\\www\\apilumen\\vendor\\laravel\\lumen-framework\\src\\Concerns\\RoutesRequests.php(108): Laravel\\Lumen\\Application->dispatch(NULL)
#50 C:\\xampp\\htdocs\\www\\apilumen\\public\\index.php(28): Laravel\\Lumen\\Application->run()
#51 {main}
"} 
[2020-06-14 19:11:39] local.ERROR: PDOException: SQLSTATE[HY000] [2002] No se puede establecer una conexión ya que el equipo de destino denegó expresamente dicha conexión.
 in C:\xampp\htdocs\www\apilumen\vendor\illuminate\database\Connectors\Connector.php:70
Stack trace:
#0 C:\xampp\htdocs\www\apilumen\vendor\illuminate\database\Connectors\Connector.php(70): PDO->__construct('mysql:host=127....', 'root', '', Array)
#1 C:\xampp\htdocs\www\apilumen\vendor\illuminate\database\Connectors\Connector.php(46): Illuminate\Database\Connectors\Connector->createPdoConnection('mysql:host=127....', 'root', '', Array)
#2 C:\xampp\htdocs\www\apilumen\vendor\illuminate\database\Connectors\MySqlConnector.php(24): Illuminate\Database\Connectors\Connector->createConnection('mysql:host=127....', Array, Array)
#3 C:\xampp\htdocs\www\apilumen\vendor\illuminate\database\Connectors\ConnectionFactory.php(182): Illuminate\Database\Connectors\MySqlConnector->connect(Array)
#4 [internal function]: Illuminate\Database\Connectors\ConnectionFactory->Illuminate\Database\Connectors\{closure}()
#5 C:\xampp\htdocs\www\apilumen\vendor\illuminate\database\Connection.php(926): call_user_func(Object(Closure))
#6 C:\xampp\htdocs\www\apilumen\vendor\illuminate\database\Connection.php(961): Illuminate\Database\Connection->getPdo()
#7 C:\xampp\htdocs\www\apilumen\vendor\illuminate\database\Connection.php(405): Illuminate\Database\Connection->getReadPdo()
#8 C:\xampp\htdocs\www\apilumen\vendor\illuminate\database\Connection.php(331): Illuminate\Database\Connection->getPdoForSelect(true)
#9 C:\xampp\htdocs\www\apilumen\vendor\illuminate\database\Connection.php(664): Illuminate\Database\Connection->Illuminate\Database\{closure}('select * from `...', Array)
#10 C:\xampp\htdocs\www\apilumen\vendor\illuminate\database\Connection.php(631): Illuminate\Database\Connection->runQueryCallback('select * from `...', Array, Object(Closure))
#11 C:\xampp\htdocs\www\apilumen\vendor\illuminate\database\Connection.php(339): Illuminate\Database\Connection->run('select * from `...', Array, Object(Closure))
#12 C:\xampp\htdocs\www\apilumen\vendor\illuminate\database\Query\Builder.php(2178): Illuminate\Database\Connection->select('select * from `...', Array, true)
#13 C:\xampp\htdocs\www\apilumen\vendor\illuminate\database\Query\Builder.php(2166): Illuminate\Database\Query\Builder->runSelect()
#14 C:\xampp\htdocs\www\apilumen\vendor\illuminate\database\Query\Builder.php(2638): Illuminate\Database\Query\Builder->Illuminate\Database\Query\{closure}()
#15 C:\xampp\htdocs\www\apilumen\vendor\illuminate\database\Query\Builder.php(2167): Illuminate\Database\Query\Builder->onceWithColumns(Array, Object(Closure))
#16 C:\xampp\htdocs\www\apilumen\vendor\illuminate\database\Eloquent\Builder.php(539): Illuminate\Database\Query\Builder->get(Array)
#17 C:\xampp\htdocs\www\apilumen\vendor\illuminate\database\Eloquent\Builder.php(523): Illuminate\Database\Eloquent\Builder->getModels(Array)
#18 C:\xampp\htdocs\www\apilumen\vendor\illuminate\database\Concerns\BuildsQueries.php(143): Illuminate\Database\Eloquent\Builder->get(Array)
#19 C:\xampp\htdocs\www\apilumen\vendor\illuminate\auth\EloquentUserProvider.php(131): Illuminate\Database\Eloquent\Builder->first()
#20 C:\xampp\htdocs\www\apilumen\vendor\tymon\jwt-auth\src\JWTGuard.php(124): Illuminate\Auth\EloquentUserProvider->retrieveByCredentials(Array)
#21 C:\xampp\htdocs\www\apilumen\vendor\illuminate\auth\AuthManager.php(307): Tymon\JWTAuth\JWTGuard->attempt(Array)
#22 C:\xampp\htdocs\www\apilumen\vendor\illuminate\support\Facades\Facade.php(261): Illuminate\Auth\AuthManager->__call('attempt', Array)
#23 C:\xampp\htdocs\www\apilumen\app\Http\Controllers\AuthController.php(61): Illuminate\Support\Facades\Facade::__callStatic('attempt', Array)
#24 [internal function]: App\Http\Controllers\AuthController->login(Object(Laravel\Lumen\Http\Request))
#25 C:\xampp\htdocs\www\apilumen\vendor\illuminate\container\BoundMethod.php(32): call_user_func_array(Array, Array)
#26 C:\xampp\htdocs\www\apilumen\vendor\illuminate\container\Util.php(36): Illuminate\Container\BoundMethod::Illuminate\Container\{closure}()
#27 C:\xampp\htdocs\www\apilumen\vendor\illuminate\container\BoundMethod.php(90): Illuminate\Container\Util::unwrapIfClosure(Object(Closure))
#28 C:\xampp\htdocs\www\apilumen\vendor\illuminate\container\BoundMethod.php(34): Illuminate\Container\BoundMethod::callBoundMethod(Object(Laravel\Lumen\Application), Array, Object(Closure))
#29 C:\xampp\htdocs\www\apilumen\vendor\illuminate\container\Container.php(592): Illuminate\Container\BoundMethod::call(Object(Laravel\Lumen\Application), Array, Array, NULL)
#30 C:\xampp\htdocs\www\apilumen\vendor\laravel\lumen-framework\src\Concerns\RoutesRequests.php(376): Illuminate\Container\Container->call(Array, Array)
#31 C:\xampp\htdocs\www\apilumen\vendor\laravel\lumen-framework\src\Concerns\RoutesRequests.php(342): Laravel\Lumen\Application->callControllerCallable(Array, Array)
#32 C:\xampp\htdocs\www\apilumen\vendor\laravel\lumen-framework\src\Concerns\RoutesRequests.php(316): Laravel\Lumen\Application->callLumenController(Object(App\Http\Controllers\AuthController), 'login', Array)
#33 C:\xampp\htdocs\www\apilumen\vendor\laravel\lumen-framework\src\Concerns\RoutesRequests.php(278): Laravel\Lumen\Application->callControllerAction(Array)
#34 C:\xampp\htdocs\www\apilumen\vendor\laravel\lumen-framework\src\Concerns\RoutesRequests.php(263): Laravel\Lumen\Application->callActionOnArrayBasedRoute(Array)
#35 C:\xampp\htdocs\www\apilumen\vendor\laravel\lumen-framework\src\Concerns\RoutesRequests.php(165): Laravel\Lumen\Application->handleFoundRoute(Array)
#36 [internal function]: Laravel\Lumen\Application->Laravel\Lumen\Concerns\{closure}(Object(Laravel\Lumen\Http\Request))
#37 C:\xampp\htdocs\www\apilumen\vendor\laravel\lumen-framework\src\Routing\Pipeline.php(48): call_user_func(Object(Closure), Object(Laravel\Lumen\Http\Request))
#38 C:\xampp\htdocs\www\apilumen\app\Http\Middleware\Cors.php(38): Laravel\Lumen\Routing\Pipeline->Laravel\Lumen\Routing\{closure}(Object(Laravel\Lumen\Http\Request))
#39 C:\xampp\htdocs\www\apilumen\vendor\illuminate\pipeline\Pipeline.php(167): App\Http\Middleware\Cors->handle(Object(Laravel\Lumen\Http\Request), Object(Closure))
#40 [internal function]: Illuminate\Pipeline\Pipeline->Illuminate\Pipeline\{closure}(Object(Laravel\Lumen\Http\Request))
#41 C:\xampp\htdocs\www\apilumen\vendor\laravel\lumen-framework\src\Routing\Pipeline.php(30): call_user_func(Object(Closure), Object(Laravel\Lumen\Http\Request))
#42 C:\xampp\htdocs\www\apilumen\app\Http\Middleware\ExampleMiddleware.php(18): Laravel\Lumen\Routing\Pipeline->Laravel\Lumen\Routing\{closure}(Object(Laravel\Lumen\Http\Request))
#43 C:\xampp\htdocs\www\apilumen\vendor\illuminate\pipeline\Pipeline.php(167): App\Http\Middleware\ExampleMiddleware->handle(Object(Laravel\Lumen\Http\Request), Object(Closure))
#44 [internal function]: Illuminate\Pipeline\Pipeline->Illuminate\Pipeline\{closure}(Object(Laravel\Lumen\Http\Request))
#45 C:\xampp\htdocs\www\apilumen\vendor\laravel\lumen-framework\src\Routing\Pipeline.php(30): call_user_func(Object(Closure), Object(Laravel\Lumen\Http\Request))
#46 C:\xampp\htdocs\www\apilumen\vendor\illuminate\pipeline\Pipeline.php(103): Laravel\Lumen\Routing\Pipeline->Laravel\Lumen\Routing\{closure}(Object(Laravel\Lumen\Http\Request))
#47 C:\xampp\htdocs\www\apilumen\vendor\laravel\lumen-framework\src\Concerns\RoutesRequests.php(413): Illuminate\Pipeline\Pipeline->then(Object(Closure))
#48 C:\xampp\htdocs\www\apilumen\vendor\laravel\lumen-framework\src\Concerns\RoutesRequests.php(171): Laravel\Lumen\Application->sendThroughPipeline(Array, Object(Closure))
#49 C:\xampp\htdocs\www\apilumen\vendor\laravel\lumen-framework\src\Concerns\RoutesRequests.php(108): Laravel\Lumen\Application->dispatch(NULL)
#50 C:\xampp\htdocs\www\apilumen\public\index.php(28): Laravel\Lumen\Application->run()
#51 {main}

Next Illuminate\Database\QueryException: SQLSTATE[HY000] [2002] No se puede establecer una conexión ya que el equipo de destino denegó expresamente dicha conexión.
 (SQL: select * from `users` where `role` = admin and `email` = lfloresr@gmail.com limit 1) in C:\xampp\htdocs\www\apilumen\vendor\illuminate\database\Connection.php:671
Stack trace:
#0 C:\xampp\htdocs\www\apilumen\vendor\illuminate\database\Connection.php(631): Illuminate\Database\Connection->runQueryCallback('select * from `...', Array, Object(Closure))
#1 C:\xampp\htdocs\www\apilumen\vendor\illuminate\database\Connection.php(339): Illuminate\Database\Connection->run('select * from `...', Array, Object(Closure))
#2 C:\xampp\htdocs\www\apilumen\vendor\illuminate\database\Query\Builder.php(2178): Illuminate\Database\Connection->select('select * from `...', Array, true)
#3 C:\xampp\htdocs\www\apilumen\vendor\illuminate\database\Query\Builder.php(2166): Illuminate\Database\Query\Builder->runSelect()
#4 C:\xampp\htdocs\www\apilumen\vendor\illuminate\database\Query\Builder.php(2638): Illuminate\Database\Query\Builder->Illuminate\Database\Query\{closure}()
#5 C:\xampp\htdocs\www\apilumen\vendor\illuminate\database\Query\Builder.php(2167): Illuminate\Database\Query\Builder->onceWithColumns(Array, Object(Closure))
#6 C:\xampp\htdocs\www\apilumen\vendor\illuminate\database\Eloquent\Builder.php(539): Illuminate\Database\Query\Builder->get(Array)
#7 C:\xampp\htdocs\www\apilumen\vendor\illuminate\database\Eloquent\Builder.php(523): Illuminate\Database\Eloquent\Builder->getModels(Array)
#8 C:\xampp\htdocs\www\apilumen\vendor\illuminate\database\Concerns\BuildsQueries.php(143): Illuminate\Database\Eloquent\Builder->get(Array)
#9 C:\xampp\htdocs\www\apilumen\vendor\illuminate\auth\EloquentUserProvider.php(131): Illuminate\Database\Eloquent\Builder->first()
#10 C:\xampp\htdocs\www\apilumen\vendor\tymon\jwt-auth\src\JWTGuard.php(124): Illuminate\Auth\EloquentUserProvider->retrieveByCredentials(Array)
#11 C:\xampp\htdocs\www\apilumen\vendor\illuminate\auth\AuthManager.php(307): Tymon\JWTAuth\JWTGuard->attempt(Array)
#12 C:\xampp\htdocs\www\apilumen\vendor\illuminate\support\Facades\Facade.php(261): Illuminate\Auth\AuthManager->__call('attempt', Array)
#13 C:\xampp\htdocs\www\apilumen\app\Http\Controllers\AuthController.php(61): Illuminate\Support\Facades\Facade::__callStatic('attempt', Array)
#14 [internal function]: App\Http\Controllers\AuthController->login(Object(Laravel\Lumen\Http\Request))
#15 C:\xampp\htdocs\www\apilumen\vendor\illuminate\container\BoundMethod.php(32): call_user_func_array(Array, Array)
#16 C:\xampp\htdocs\www\apilumen\vendor\illuminate\container\Util.php(36): Illuminate\Container\BoundMethod::Illuminate\Container\{closure}()
#17 C:\xampp\htdocs\www\apilumen\vendor\illuminate\container\BoundMethod.php(90): Illuminate\Container\Util::unwrapIfClosure(Object(Closure))
#18 C:\xampp\htdocs\www\apilumen\vendor\illuminate\container\BoundMethod.php(34): Illuminate\Container\BoundMethod::callBoundMethod(Object(Laravel\Lumen\Application), Array, Object(Closure))
#19 C:\xampp\htdocs\www\apilumen\vendor\illuminate\container\Container.php(592): Illuminate\Container\BoundMethod::call(Object(Laravel\Lumen\Application), Array, Array, NULL)
#20 C:\xampp\htdocs\www\apilumen\vendor\laravel\lumen-framework\src\Concerns\RoutesRequests.php(376): Illuminate\Container\Container->call(Array, Array)
#21 C:\xampp\htdocs\www\apilumen\vendor\laravel\lumen-framework\src\Concerns\RoutesRequests.php(342): Laravel\Lumen\Application->callControllerCallable(Array, Array)
#22 C:\xampp\htdocs\www\apilumen\vendor\laravel\lumen-framework\src\Concerns\RoutesRequests.php(316): Laravel\Lumen\Application->callLumenController(Object(App\Http\Controllers\AuthController), 'login', Array)
#23 C:\xampp\htdocs\www\apilumen\vendor\laravel\lumen-framework\src\Concerns\RoutesRequests.php(278): Laravel\Lumen\Application->callControllerAction(Array)
#24 C:\xampp\htdocs\www\apilumen\vendor\laravel\lumen-framework\src\Concerns\RoutesRequests.php(263): Laravel\Lumen\Application->callActionOnArrayBasedRoute(Array)
#25 C:\xampp\htdocs\www\apilumen\vendor\laravel\lumen-framework\src\Concerns\RoutesRequests.php(165): Laravel\Lumen\Application->handleFoundRoute(Array)
#26 [internal function]: Laravel\Lumen\Application->Laravel\Lumen\Concerns\{closure}(Object(Laravel\Lumen\Http\Request))
#27 C:\xampp\htdocs\www\apilumen\vendor\laravel\lumen-framework\src\Routing\Pipeline.php(48): call_user_func(Object(Closure), Object(Laravel\Lumen\Http\Request))
#28 C:\xampp\htdocs\www\apilumen\app\Http\Middleware\Cors.php(38): Laravel\Lumen\Routing\Pipeline->Laravel\Lumen\Routing\{closure}(Object(Laravel\Lumen\Http\Request))
#29 C:\xampp\htdocs\www\apilumen\vendor\illuminate\pipeline\Pipeline.php(167): App\Http\Middleware\Cors->handle(Object(Laravel\Lumen\Http\Request), Object(Closure))
#30 [internal function]: Illuminate\Pipeline\Pipeline->Illuminate\Pipeline\{closure}(Object(Laravel\Lumen\Http\Request))
#31 C:\xampp\htdocs\www\apilumen\vendor\laravel\lumen-framework\src\Routing\Pipeline.php(30): call_user_func(Object(Closure), Object(Laravel\Lumen\Http\Request))
#32 C:\xampp\htdocs\www\apilumen\app\Http\Middleware\ExampleMiddleware.php(18): Laravel\Lumen\Routing\Pipeline->Laravel\Lumen\Routing\{closure}(Object(Laravel\Lumen\Http\Request))
#33 C:\xampp\htdocs\www\apilumen\vendor\illuminate\pipeline\Pipeline.php(167): App\Http\Middleware\ExampleMiddleware->handle(Object(Laravel\Lumen\Http\Request), Object(Closure))
#34 [internal function]: Illuminate\Pipeline\Pipeline->Illuminate\Pipeline\{closure}(Object(Laravel\Lumen\Http\Request))
#35 C:\xampp\htdocs\www\apilumen\vendor\laravel\lumen-framework\src\Routing\Pipeline.php(30): call_user_func(Object(Closure), Object(Laravel\Lumen\Http\Request))
#36 C:\xampp\htdocs\www\apilumen\vendor\illuminate\pipeline\Pipeline.php(103): Laravel\Lumen\Routing\Pipeline->Laravel\Lumen\Routing\{closure}(Object(Laravel\Lumen\Http\Request))
#37 C:\xampp\htdocs\www\apilumen\vendor\laravel\lumen-framework\src\Concerns\RoutesRequests.php(413): Illuminate\Pipeline\Pipeline->then(Object(Closure))
#38 C:\xampp\htdocs\www\apilumen\vendor\laravel\lumen-framework\src\Concerns\RoutesRequests.php(171): Laravel\Lumen\Application->sendThroughPipeline(Array, Object(Closure))
#39 C:\xampp\htdocs\www\apilumen\vendor\laravel\lumen-framework\src\Concerns\RoutesRequests.php(108): Laravel\Lumen\Application->dispatch(NULL)
#40 C:\xampp\htdocs\www\apilumen\public\index.php(28): Laravel\Lumen\Application->run()
#41 {main} {"exception":"[object] (Illuminate\\Database\\QueryException(code: 2002): SQLSTATE[HY000] [2002] No se puede establecer una conexión ya que el equipo de destino denegó expresamente dicha conexión.
 (SQL: select * from `users` where `role` = admin and `email` = lfloresr@gmail.com limit 1) at C:\\xampp\\htdocs\\www\\apilumen\\vendor\\illuminate\\database\\Connection.php:671)
[stacktrace]
#0 C:\\xampp\\htdocs\\www\\apilumen\\vendor\\illuminate\\database\\Connection.php(631): Illuminate\\Database\\Connection->runQueryCallback('select * from `...', Array, Object(Closure))
#1 C:\\xampp\\htdocs\\www\\apilumen\\vendor\\illuminate\\database\\Connection.php(339): Illuminate\\Database\\Connection->run('select * from `...', Array, Object(Closure))
#2 C:\\xampp\\htdocs\\www\\apilumen\\vendor\\illuminate\\database\\Query\\Builder.php(2178): Illuminate\\Database\\Connection->select('select * from `...', Array, true)
#3 C:\\xampp\\htdocs\\www\\apilumen\\vendor\\illuminate\\database\\Query\\Builder.php(2166): Illuminate\\Database\\Query\\Builder->runSelect()
#4 C:\\xampp\\htdocs\\www\\apilumen\\vendor\\illuminate\\database\\Query\\Builder.php(2638): Illuminate\\Database\\Query\\Builder->Illuminate\\Database\\Query\\{closure}()
#5 C:\\xampp\\htdocs\\www\\apilumen\\vendor\\illuminate\\database\\Query\\Builder.php(2167): Illuminate\\Database\\Query\\Builder->onceWithColumns(Array, Object(Closure))
#6 C:\\xampp\\htdocs\\www\\apilumen\\vendor\\illuminate\\database\\Eloquent\\Builder.php(539): Illuminate\\Database\\Query\\Builder->get(Array)
#7 C:\\xampp\\htdocs\\www\\apilumen\\vendor\\illuminate\\database\\Eloquent\\Builder.php(523): Illuminate\\Database\\Eloquent\\Builder->getModels(Array)
#8 C:\\xampp\\htdocs\\www\\apilumen\\vendor\\illuminate\\database\\Concerns\\BuildsQueries.php(143): Illuminate\\Database\\Eloquent\\Builder->get(Array)
#9 C:\\xampp\\htdocs\\www\\apilumen\\vendor\\illuminate\\auth\\EloquentUserProvider.php(131): Illuminate\\Database\\Eloquent\\Builder->first()
#10 C:\\xampp\\htdocs\\www\\apilumen\\vendor\\tymon\\jwt-auth\\src\\JWTGuard.php(124): Illuminate\\Auth\\EloquentUserProvider->retrieveByCredentials(Array)
#11 C:\\xampp\\htdocs\\www\\apilumen\\vendor\\illuminate\\auth\\AuthManager.php(307): Tymon\\JWTAuth\\JWTGuard->attempt(Array)
#12 C:\\xampp\\htdocs\\www\\apilumen\\vendor\\illuminate\\support\\Facades\\Facade.php(261): Illuminate\\Auth\\AuthManager->__call('attempt', Array)
#13 C:\\xampp\\htdocs\\www\\apilumen\\app\\Http\\Controllers\\AuthController.php(61): Illuminate\\Support\\Facades\\Facade::__callStatic('attempt', Array)
#14 [internal function]: App\\Http\\Controllers\\AuthController->login(Object(Laravel\\Lumen\\Http\\Request))
#15 C:\\xampp\\htdocs\\www\\apilumen\\vendor\\illuminate\\container\\BoundMethod.php(32): call_user_func_array(Array, Array)
#16 C:\\xampp\\htdocs\\www\\apilumen\\vendor\\illuminate\\container\\Util.php(36): Illuminate\\Container\\BoundMethod::Illuminate\\Container\\{closure}()
#17 C:\\xampp\\htdocs\\www\\apilumen\\vendor\\illuminate\\container\\BoundMethod.php(90): Illuminate\\Container\\Util::unwrapIfClosure(Object(Closure))
#18 C:\\xampp\\htdocs\\www\\apilumen\\vendor\\illuminate\\container\\BoundMethod.php(34): Illuminate\\Container\\BoundMethod::callBoundMethod(Object(Laravel\\Lumen\\Application), Array, Object(Closure))
#19 C:\\xampp\\htdocs\\www\\apilumen\\vendor\\illuminate\\container\\Container.php(592): Illuminate\\Container\\BoundMethod::call(Object(Laravel\\Lumen\\Application), Array, Array, NULL)
#20 C:\\xampp\\htdocs\\www\\apilumen\\vendor\\laravel\\lumen-framework\\src\\Concerns\\RoutesRequests.php(376): Illuminate\\Container\\Container->call(Array, Array)
#21 C:\\xampp\\htdocs\\www\\apilumen\\vendor\\laravel\\lumen-framework\\src\\Concerns\\RoutesRequests.php(342): Laravel\\Lumen\\Application->callControllerCallable(Array, Array)
#22 C:\\xampp\\htdocs\\www\\apilumen\\vendor\\laravel\\lumen-framework\\src\\Concerns\\RoutesRequests.php(316): Laravel\\Lumen\\Application->callLumenController(Object(App\\Http\\Controllers\\AuthController), 'login', Array)
#23 C:\\xampp\\htdocs\\www\\apilumen\\vendor\\laravel\\lumen-framework\\src\\Concerns\\RoutesRequests.php(278): Laravel\\Lumen\\Application->callControllerAction(Array)
#24 C:\\xampp\\htdocs\\www\\apilumen\\vendor\\laravel\\lumen-framework\\src\\Concerns\\RoutesRequests.php(263): Laravel\\Lumen\\Application->callActionOnArrayBasedRoute(Array)
#25 C:\\xampp\\htdocs\\www\\apilumen\\vendor\\laravel\\lumen-framework\\src\\Concerns\\RoutesRequests.php(165): Laravel\\Lumen\\Application->handleFoundRoute(Array)
#26 [internal function]: Laravel\\Lumen\\Application->Laravel\\Lumen\\Concerns\\{closure}(Object(Laravel\\Lumen\\Http\\Request))
#27 C:\\xampp\\htdocs\\www\\apilumen\\vendor\\laravel\\lumen-framework\\src\\Routing\\Pipeline.php(48): call_user_func(Object(Closure), Object(Laravel\\Lumen\\Http\\Request))
#28 C:\\xampp\\htdocs\\www\\apilumen\\app\\Http\\Middleware\\Cors.php(38): Laravel\\Lumen\\Routing\\Pipeline->Laravel\\Lumen\\Routing\\{closure}(Object(Laravel\\Lumen\\Http\\Request))
#29 C:\\xampp\\htdocs\\www\\apilumen\\vendor\\illuminate\\pipeline\\Pipeline.php(167): App\\Http\\Middleware\\Cors->handle(Object(Laravel\\Lumen\\Http\\Request), Object(Closure))
#30 [internal function]: Illuminate\\Pipeline\\Pipeline->Illuminate\\Pipeline\\{closure}(Object(Laravel\\Lumen\\Http\\Request))
#31 C:\\xampp\\htdocs\\www\\apilumen\\vendor\\laravel\\lumen-framework\\src\\Routing\\Pipeline.php(30): call_user_func(Object(Closure), Object(Laravel\\Lumen\\Http\\Request))
#32 C:\\xampp\\htdocs\\www\\apilumen\\app\\Http\\Middleware\\ExampleMiddleware.php(18): Laravel\\Lumen\\Routing\\Pipeline->Laravel\\Lumen\\Routing\\{closure}(Object(Laravel\\Lumen\\Http\\Request))
#33 C:\\xampp\\htdocs\\www\\apilumen\\vendor\\illuminate\\pipeline\\Pipeline.php(167): App\\Http\\Middleware\\ExampleMiddleware->handle(Object(Laravel\\Lumen\\Http\\Request), Object(Closure))
#34 [internal function]: Illuminate\\Pipeline\\Pipeline->Illuminate\\Pipeline\\{closure}(Object(Laravel\\Lumen\\Http\\Request))
#35 C:\\xampp\\htdocs\\www\\apilumen\\vendor\\laravel\\lumen-framework\\src\\Routing\\Pipeline.php(30): call_user_func(Object(Closure), Object(Laravel\\Lumen\\Http\\Request))
#36 C:\\xampp\\htdocs\\www\\apilumen\\vendor\\illuminate\\pipeline\\Pipeline.php(103): Laravel\\Lumen\\Routing\\Pipeline->Laravel\\Lumen\\Routing\\{closure}(Object(Laravel\\Lumen\\Http\\Request))
#37 C:\\xampp\\htdocs\\www\\apilumen\\vendor\\laravel\\lumen-framework\\src\\Concerns\\RoutesRequests.php(413): Illuminate\\Pipeline\\Pipeline->then(Object(Closure))
#38 C:\\xampp\\htdocs\\www\\apilumen\\vendor\\laravel\\lumen-framework\\src\\Concerns\\RoutesRequests.php(171): Laravel\\Lumen\\Application->sendThroughPipeline(Array, Object(Closure))
#39 C:\\xampp\\htdocs\\www\\apilumen\\vendor\\laravel\\lumen-framework\\src\\Concerns\\RoutesRequests.php(108): Laravel\\Lumen\\Application->dispatch(NULL)
#40 C:\\xampp\\htdocs\\www\\apilumen\\public\\index.php(28): Laravel\\Lumen\\Application->run()
#41 {main}

[previous exception] [object] (PDOException(code: 2002): SQLSTATE[HY000] [2002] No se puede establecer una conexión ya que el equipo de destino denegó expresamente dicha conexión.
 at C:\\xampp\\htdocs\\www\\apilumen\\vendor\\illuminate\\database\\Connectors\\Connector.php:70)
[stacktrace]
#0 C:\\xampp\\htdocs\\www\\apilumen\\vendor\\illuminate\\database\\Connectors\\Connector.php(70): PDO->__construct('mysql:host=127....', 'root', '', Array)
#1 C:\\xampp\\htdocs\\www\\apilumen\\vendor\\illuminate\\database\\Connectors\\Connector.php(46): Illuminate\\Database\\Connectors\\Connector->createPdoConnection('mysql:host=127....', 'root', '', Array)
#2 C:\\xampp\\htdocs\\www\\apilumen\\vendor\\illuminate\\database\\Connectors\\MySqlConnector.php(24): Illuminate\\Database\\Connectors\\Connector->createConnection('mysql:host=127....', Array, Array)
#3 C:\\xampp\\htdocs\\www\\apilumen\\vendor\\illuminate\\database\\Connectors\\ConnectionFactory.php(182): Illuminate\\Database\\Connectors\\MySqlConnector->connect(Array)
#4 [internal function]: Illuminate\\Database\\Connectors\\ConnectionFactory->Illuminate\\Database\\Connectors\\{closure}()
#5 C:\\xampp\\htdocs\\www\\apilumen\\vendor\\illuminate\\database\\Connection.php(926): call_user_func(Object(Closure))
#6 C:\\xampp\\htdocs\\www\\apilumen\\vendor\\illuminate\\database\\Connection.php(961): Illuminate\\Database\\Connection->getPdo()
#7 C:\\xampp\\htdocs\\www\\apilumen\\vendor\\illuminate\\database\\Connection.php(405): Illuminate\\Database\\Connection->getReadPdo()
#8 C:\\xampp\\htdocs\\www\\apilumen\\vendor\\illuminate\\database\\Connection.php(331): Illuminate\\Database\\Connection->getPdoForSelect(true)
#9 C:\\xampp\\htdocs\\www\\apilumen\\vendor\\illuminate\\database\\Connection.php(664): Illuminate\\Database\\Connection->Illuminate\\Database\\{closure}('select * from `...', Array)
#10 C:\\xampp\\htdocs\\www\\apilumen\\vendor\\illuminate\\database\\Connection.php(631): Illuminate\\Database\\Connection->runQueryCallback('select * from `...', Array, Object(Closure))
#11 C:\\xampp\\htdocs\\www\\apilumen\\vendor\\illuminate\\database\\Connection.php(339): Illuminate\\Database\\Connection->run('select * from `...', Array, Object(Closure))
#12 C:\\xampp\\htdocs\\www\\apilumen\\vendor\\illuminate\\database\\Query\\Builder.php(2178): Illuminate\\Database\\Connection->select('select * from `...', Array, true)
#13 C:\\xampp\\htdocs\\www\\apilumen\\vendor\\illuminate\\database\\Query\\Builder.php(2166): Illuminate\\Database\\Query\\Builder->runSelect()
#14 C:\\xampp\\htdocs\\www\\apilumen\\vendor\\illuminate\\database\\Query\\Builder.php(2638): Illuminate\\Database\\Query\\Builder->Illuminate\\Database\\Query\\{closure}()
#15 C:\\xampp\\htdocs\\www\\apilumen\\vendor\\illuminate\\database\\Query\\Builder.php(2167): Illuminate\\Database\\Query\\Builder->onceWithColumns(Array, Object(Closure))
#16 C:\\xampp\\htdocs\\www\\apilumen\\vendor\\illuminate\\database\\Eloquent\\Builder.php(539): Illuminate\\Database\\Query\\Builder->get(Array)
#17 C:\\xampp\\htdocs\\www\\apilumen\\vendor\\illuminate\\database\\Eloquent\\Builder.php(523): Illuminate\\Database\\Eloquent\\Builder->getModels(Array)
#18 C:\\xampp\\htdocs\\www\\apilumen\\vendor\\illuminate\\database\\Concerns\\BuildsQueries.php(143): Illuminate\\Database\\Eloquent\\Builder->get(Array)
#19 C:\\xampp\\htdocs\\www\\apilumen\\vendor\\illuminate\\auth\\EloquentUserProvider.php(131): Illuminate\\Database\\Eloquent\\Builder->first()
#20 C:\\xampp\\htdocs\\www\\apilumen\\vendor\\tymon\\jwt-auth\\src\\JWTGuard.php(124): Illuminate\\Auth\\EloquentUserProvider->retrieveByCredentials(Array)
#21 C:\\xampp\\htdocs\\www\\apilumen\\vendor\\illuminate\\auth\\AuthManager.php(307): Tymon\\JWTAuth\\JWTGuard->attempt(Array)
#22 C:\\xampp\\htdocs\\www\\apilumen\\vendor\\illuminate\\support\\Facades\\Facade.php(261): Illuminate\\Auth\\AuthManager->__call('attempt', Array)
#23 C:\\xampp\\htdocs\\www\\apilumen\\app\\Http\\Controllers\\AuthController.php(61): Illuminate\\Support\\Facades\\Facade::__callStatic('attempt', Array)
#24 [internal function]: App\\Http\\Controllers\\AuthController->login(Object(Laravel\\Lumen\\Http\\Request))
#25 C:\\xampp\\htdocs\\www\\apilumen\\vendor\\illuminate\\container\\BoundMethod.php(32): call_user_func_array(Array, Array)
#26 C:\\xampp\\htdocs\\www\\apilumen\\vendor\\illuminate\\container\\Util.php(36): Illuminate\\Container\\BoundMethod::Illuminate\\Container\\{closure}()
#27 C:\\xampp\\htdocs\\www\\apilumen\\vendor\\illuminate\\container\\BoundMethod.php(90): Illuminate\\Container\\Util::unwrapIfClosure(Object(Closure))
#28 C:\\xampp\\htdocs\\www\\apilumen\\vendor\\illuminate\\container\\BoundMethod.php(34): Illuminate\\Container\\BoundMethod::callBoundMethod(Object(Laravel\\Lumen\\Application), Array, Object(Closure))
#29 C:\\xampp\\htdocs\\www\\apilumen\\vendor\\illuminate\\container\\Container.php(592): Illuminate\\Container\\BoundMethod::call(Object(Laravel\\Lumen\\Application), Array, Array, NULL)
#30 C:\\xampp\\htdocs\\www\\apilumen\\vendor\\laravel\\lumen-framework\\src\\Concerns\\RoutesRequests.php(376): Illuminate\\Container\\Container->call(Array, Array)
#31 C:\\xampp\\htdocs\\www\\apilumen\\vendor\\laravel\\lumen-framework\\src\\Concerns\\RoutesRequests.php(342): Laravel\\Lumen\\Application->callControllerCallable(Array, Array)
#32 C:\\xampp\\htdocs\\www\\apilumen\\vendor\\laravel\\lumen-framework\\src\\Concerns\\RoutesRequests.php(316): Laravel\\Lumen\\Application->callLumenController(Object(App\\Http\\Controllers\\AuthController), 'login', Array)
#33 C:\\xampp\\htdocs\\www\\apilumen\\vendor\\laravel\\lumen-framework\\src\\Concerns\\RoutesRequests.php(278): Laravel\\Lumen\\Application->callControllerAction(Array)
#34 C:\\xampp\\htdocs\\www\\apilumen\\vendor\\laravel\\lumen-framework\\src\\Concerns\\RoutesRequests.php(263): Laravel\\Lumen\\Application->callActionOnArrayBasedRoute(Array)
#35 C:\\xampp\\htdocs\\www\\apilumen\\vendor\\laravel\\lumen-framework\\src\\Concerns\\RoutesRequests.php(165): Laravel\\Lumen\\Application->handleFoundRoute(Array)
#36 [internal function]: Laravel\\Lumen\\Application->Laravel\\Lumen\\Concerns\\{closure}(Object(Laravel\\Lumen\\Http\\Request))
#37 C:\\xampp\\htdocs\\www\\apilumen\\vendor\\laravel\\lumen-framework\\src\\Routing\\Pipeline.php(48): call_user_func(Object(Closure), Object(Laravel\\Lumen\\Http\\Request))
#38 C:\\xampp\\htdocs\\www\\apilumen\\app\\Http\\Middleware\\Cors.php(38): Laravel\\Lumen\\Routing\\Pipeline->Laravel\\Lumen\\Routing\\{closure}(Object(Laravel\\Lumen\\Http\\Request))
#39 C:\\xampp\\htdocs\\www\\apilumen\\vendor\\illuminate\\pipeline\\Pipeline.php(167): App\\Http\\Middleware\\Cors->handle(Object(Laravel\\Lumen\\Http\\Request), Object(Closure))
#40 [internal function]: Illuminate\\Pipeline\\Pipeline->Illuminate\\Pipeline\\{closure}(Object(Laravel\\Lumen\\Http\\Request))
#41 C:\\xampp\\htdocs\\www\\apilumen\\vendor\\laravel\\lumen-framework\\src\\Routing\\Pipeline.php(30): call_user_func(Object(Closure), Object(Laravel\\Lumen\\Http\\Request))
#42 C:\\xampp\\htdocs\\www\\apilumen\\app\\Http\\Middleware\\ExampleMiddleware.php(18): Laravel\\Lumen\\Routing\\Pipeline->Laravel\\Lumen\\Routing\\{closure}(Object(Laravel\\Lumen\\Http\\Request))
#43 C:\\xampp\\htdocs\\www\\apilumen\\vendor\\illuminate\\pipeline\\Pipeline.php(167): App\\Http\\Middleware\\ExampleMiddleware->handle(Object(Laravel\\Lumen\\Http\\Request), Object(Closure))
#44 [internal function]: Illuminate\\Pipeline\\Pipeline->Illuminate\\Pipeline\\{closure}(Object(Laravel\\Lumen\\Http\\Request))
#45 C:\\xampp\\htdocs\\www\\apilumen\\vendor\\laravel\\lumen-framework\\src\\Routing\\Pipeline.php(30): call_user_func(Object(Closure), Object(Laravel\\Lumen\\Http\\Request))
#46 C:\\xampp\\htdocs\\www\\apilumen\\vendor\\illuminate\\pipeline\\Pipeline.php(103): Laravel\\Lumen\\Routing\\Pipeline->Laravel\\Lumen\\Routing\\{closure}(Object(Laravel\\Lumen\\Http\\Request))
#47 C:\\xampp\\htdocs\\www\\apilumen\\vendor\\laravel\\lumen-framework\\src\\Concerns\\RoutesRequests.php(413): Illuminate\\Pipeline\\Pipeline->then(Object(Closure))
#48 C:\\xampp\\htdocs\\www\\apilumen\\vendor\\laravel\\lumen-framework\\src\\Concerns\\RoutesRequests.php(171): Laravel\\Lumen\\Application->sendThroughPipeline(Array, Object(Closure))
#49 C:\\xampp\\htdocs\\www\\apilumen\\vendor\\laravel\\lumen-framework\\src\\Concerns\\RoutesRequests.php(108): Laravel\\Lumen\\Application->dispatch(NULL)
#50 C:\\xampp\\htdocs\\www\\apilumen\\public\\index.php(28): Laravel\\Lumen\\Application->run()
#51 {main}
"} 
